<!DOCTYPE html>
<html>
<head>
<meta http-equiv="Content-Type" content="text/html; charset=utf-8"/>
<meta http-equiv="x-ua-compatible" content="IE=edge"/>
<title>Test results - Class org.springframework.cache.jcache.JCacheEhCacheAnnotationTests</title>
<link href="../css/base-style.css" rel="stylesheet" type="text/css"/>
<link href="../css/style.css" rel="stylesheet" type="text/css"/>
<script src="../js/report.js" type="text/javascript"></script>
</head>
<body>
<div id="content">
<h1>Class org.springframework.cache.jcache.JCacheEhCacheAnnotationTests</h1>
<div class="breadcrumbs">
<a href="../index.html">all</a> &gt; 
<a href="../packages/org.springframework.cache.jcache.html">org.springframework.cache.jcache</a> &gt; JCacheEhCacheAnnotationTests</div>
<div id="summary">
<table>
<tr>
<td>
<div class="summaryGroup">
<table>
<tr>
<td>
<div class="infoBox" id="tests">
<div class="counter">59</div>
<p>tests</p>
</div>
</td>
<td>
<div class="infoBox" id="failures">
<div class="counter">0</div>
<p>failures</p>
</div>
</td>
<td>
<div class="infoBox" id="ignored">
<div class="counter">1</div>
<p>ignored</p>
</div>
</td>
<td>
<div class="infoBox" id="duration">
<div class="counter">5.447s</div>
<p>duration</p>
</div>
</td>
</tr>
</table>
</div>
</td>
<td>
<div class="infoBox skipped" id="successRate">
<div class="percent">100%</div>
<p>successful</p>
</div>
</td>
</tr>
</table>
</div>
<div id="tabs">
<ul class="tabLinks">
<li>
<a href="#tab0">Tests</a>
</li>
<li>
<a href="#tab1">Standard error</a>
</li>
</ul>
<div id="tab0" class="tab">
<h2>Tests</h2>
<table>
<thead>
<tr>
<th>Test</th>
<th>Duration</th>
<th>Result</th>
</tr>
</thead>
<tr>
<td class="success">testCacheable</td>
<td>0.091s</td>
<td class="success">passed</td>
</tr>
<tr>
<td class="success">testCacheableNull</td>
<td>0.082s</td>
<td class="success">passed</td>
</tr>
<tr>
<td class="success">testCacheableSync</td>
<td>0.083s</td>
<td class="success">passed</td>
</tr>
<tr>
<td class="success">testCacheableSyncNull</td>
<td>0.258s</td>
<td class="success">passed</td>
</tr>
<tr>
<td class="success">testCheckedException</td>
<td>0.072s</td>
<td class="success">passed</td>
</tr>
<tr>
<td class="success">testCheckedExceptionSync</td>
<td>0.088s</td>
<td class="success">passed</td>
</tr>
<tr>
<td class="success">testClassCacheCacheable</td>
<td>0.075s</td>
<td class="success">passed</td>
</tr>
<tr>
<td class="success">testClassCacheInvalidate</td>
<td>0.076s</td>
<td class="success">passed</td>
</tr>
<tr>
<td class="success">testClassCacheInvalidateWKey</td>
<td>0.084s</td>
<td class="success">passed</td>
</tr>
<tr>
<td class="success">testClassCacheUnlessExpression</td>
<td>0.096s</td>
<td class="success">passed</td>
</tr>
<tr>
<td class="success">testClassCheckedException</td>
<td>0.081s</td>
<td class="success">passed</td>
</tr>
<tr>
<td class="success">testClassCheckedExceptionSync</td>
<td>0.115s</td>
<td class="success">passed</td>
</tr>
<tr>
<td class="success">testClassConditionalUpdate</td>
<td>0.097s</td>
<td class="success">passed</td>
</tr>
<tr>
<td class="success">testClassEarlyInvalidate</td>
<td>0.096s</td>
<td class="success">passed</td>
</tr>
<tr>
<td class="success">testClassEarlyInvalidateWithKey</td>
<td>0.088s</td>
<td class="success">passed</td>
</tr>
<tr>
<td class="success">testClassEvictAll</td>
<td>0.085s</td>
<td class="success">passed</td>
</tr>
<tr>
<td class="success">testClassEvictWithException</td>
<td>0.080s</td>
<td class="success">passed</td>
</tr>
<tr>
<td class="success">testClassMethodName</td>
<td>0.078s</td>
<td class="success">passed</td>
</tr>
<tr>
<td class="success">testClassMultiCache</td>
<td>0.079s</td>
<td class="success">passed</td>
</tr>
<tr>
<td class="success">testClassMultiCacheAndEvict</td>
<td>0.103s</td>
<td class="success">passed</td>
</tr>
<tr>
<td class="success">testClassMultiConditionalCacheAndEvict</td>
<td>0.069s</td>
<td class="success">passed</td>
</tr>
<tr>
<td class="success">testClassMultiEvict</td>
<td>0.087s</td>
<td class="success">passed</td>
</tr>
<tr>
<td class="success">testClassMultiPut</td>
<td>0.085s</td>
<td class="success">passed</td>
</tr>
<tr>
<td class="success">testClassNullArg</td>
<td>0.083s</td>
<td class="success">passed</td>
</tr>
<tr>
<td class="success">testClassNullValue</td>
<td>0.128s</td>
<td class="success">passed</td>
</tr>
<tr>
<td class="success">testClassPutRefersToResult</td>
<td>0.096s</td>
<td class="success">passed</td>
</tr>
<tr>
<td class="success">testClassRootVars</td>
<td>0.095s</td>
<td class="success">passed</td>
</tr>
<tr>
<td class="success">testClassUncheckedException</td>
<td>0.088s</td>
<td class="success">passed</td>
</tr>
<tr>
<td class="success">testClassUncheckedExceptionSync</td>
<td>0.088s</td>
<td class="success">passed</td>
</tr>
<tr>
<td class="success">testClassUpdate</td>
<td>0.094s</td>
<td class="success">passed</td>
</tr>
<tr>
<td class="success">testConditionalExpression</td>
<td>0.097s</td>
<td class="success">passed</td>
</tr>
<tr>
<td class="success">testConditionalExpressionSync</td>
<td>0.092s</td>
<td class="success">passed</td>
</tr>
<tr>
<td class="success">testConditionalUpdate</td>
<td>0.102s</td>
<td class="success">passed</td>
</tr>
<tr>
<td class="skipped">testCustomCacheManager</td>
<td>-</td>
<td class="skipped">ignored</td>
</tr>
<tr>
<td class="success">testCustomKeyGenerator</td>
<td>0.085s</td>
<td class="success">passed</td>
</tr>
<tr>
<td class="success">testEarlyInvalidate</td>
<td>0.092s</td>
<td class="success">passed</td>
</tr>
<tr>
<td class="success">testEarlyInvalidateWithKey</td>
<td>0.067s</td>
<td class="success">passed</td>
</tr>
<tr>
<td class="success">testEvictAll</td>
<td>0.096s</td>
<td class="success">passed</td>
</tr>
<tr>
<td class="success">testEvictWithException</td>
<td>0.085s</td>
<td class="success">passed</td>
</tr>
<tr>
<td class="success">testInvalidate</td>
<td>0.098s</td>
<td class="success">passed</td>
</tr>
<tr>
<td class="success">testInvalidateWithKey</td>
<td>0.081s</td>
<td class="success">passed</td>
</tr>
<tr>
<td class="success">testKeyExpression</td>
<td>0.083s</td>
<td class="success">passed</td>
</tr>
<tr>
<td class="success">testMethodName</td>
<td>0.080s</td>
<td class="success">passed</td>
</tr>
<tr>
<td class="success">testMultiCache</td>
<td>0.076s</td>
<td class="success">passed</td>
</tr>
<tr>
<td class="success">testMultiCacheAndEvict</td>
<td>0.085s</td>
<td class="success">passed</td>
</tr>
<tr>
<td class="success">testMultiConditionalCacheAndEvict</td>
<td>0.231s</td>
<td class="success">passed</td>
</tr>
<tr>
<td class="success">testMultiEvict</td>
<td>0.089s</td>
<td class="success">passed</td>
</tr>
<tr>
<td class="success">testMultiPut</td>
<td>0.086s</td>
<td class="success">passed</td>
</tr>
<tr>
<td class="success">testNullArg</td>
<td>0.084s</td>
<td class="success">passed</td>
</tr>
<tr>
<td class="success">testNullValue</td>
<td>0.087s</td>
<td class="success">passed</td>
</tr>
<tr>
<td class="success">testPutRefersToResult</td>
<td>0.084s</td>
<td class="success">passed</td>
</tr>
<tr>
<td class="success">testRootVars</td>
<td>0.078s</td>
<td class="success">passed</td>
</tr>
<tr>
<td class="success">testUncheckedException</td>
<td>0.135s</td>
<td class="success">passed</td>
</tr>
<tr>
<td class="success">testUncheckedExceptionSync</td>
<td>0.091s</td>
<td class="success">passed</td>
</tr>
<tr>
<td class="success">testUnknownCustomCacheManager</td>
<td>0.081s</td>
<td class="success">passed</td>
</tr>
<tr>
<td class="success">testUnknownCustomKeyGenerator</td>
<td>0.099s</td>
<td class="success">passed</td>
</tr>
<tr>
<td class="success">testUnlessExpression</td>
<td>0.092s</td>
<td class="success">passed</td>
</tr>
<tr>
<td class="success">testUpdate</td>
<td>0.086s</td>
<td class="success">passed</td>
</tr>
<tr>
<td class="success">testVarArgsKey</td>
<td>0.085s</td>
<td class="success">passed</td>
</tr>
</table>
</div>
<div id="tab1" class="tab">
<h2>Standard error</h2>
<span class="code">
<pre>java.io.IOException: e169cdca-b993-4d0d-b8ba-8beddc618c58
	at org.springframework.cache.config.AnnotatedClassCacheableService.throwCheckedSync(AnnotatedClassCacheableService.java:194)
	at sun.reflect.NativeMethodAccessorImpl.invoke0(Native Method)
	at sun.reflect.NativeMethodAccessorImpl.invoke(NativeMethodAccessorImpl.java:62)
	at sun.reflect.DelegatingMethodAccessorImpl.invoke(DelegatingMethodAccessorImpl.java:43)
	at java.lang.reflect.Method.invoke(Method.java:498)
	at org.springframework.aop.support.AopUtils.invokeJoinpointUsingReflection(AopUtils.java:333)
	at org.springframework.aop.framework.ReflectiveMethodInvocation.invokeJoinpoint(ReflectiveMethodInvocation.java:190)
	at org.springframework.aop.framework.ReflectiveMethodInvocation.proceed(ReflectiveMethodInvocation.java:157)
	at org.springframework.cache.interceptor.CacheInterceptor$1.invoke(CacheInterceptor.java:52)
	at org.springframework.cache.interceptor.CacheAspectSupport.invokeOperation(CacheAspectSupport.java:323)
	at org.springframework.cache.interceptor.CacheAspectSupport$1.call(CacheAspectSupport.java:345)
	at org.springframework.cache.jcache.JCacheCache$ValueLoaderEntryProcessor.process(JCacheCache.java:122)
	at org.ehcache.jcache.JCache.invoke(JCache.java:664)
	at org.springframework.cache.jcache.JCacheCache.get(JCacheCache.java:80)
	at org.springframework.cache.interceptor.CacheAspectSupport.execute(CacheAspectSupport.java:342)
	at org.springframework.cache.interceptor.CacheAspectSupport.execute(CacheAspectSupport.java:305)
	at org.springframework.cache.interceptor.CacheInterceptor.invoke(CacheInterceptor.java:61)
	at org.springframework.aop.framework.ReflectiveMethodInvocation.proceed(ReflectiveMethodInvocation.java:179)
	at org.springframework.aop.framework.JdkDynamicAopProxy.invoke(JdkDynamicAopProxy.java:213)
	at com.sun.proxy.$Proxy69.throwCheckedSync(Unknown Source)
	at org.springframework.cache.config.AbstractCacheAnnotationTests.testCheckedThrowableSync(AbstractCacheAnnotationTests.java:355)
	at org.springframework.cache.config.AbstractCacheAnnotationTests.testClassCheckedExceptionSync(AbstractCacheAnnotationTests.java:764)
	at sun.reflect.NativeMethodAccessorImpl.invoke0(Native Method)
	at sun.reflect.NativeMethodAccessorImpl.invoke(NativeMethodAccessorImpl.java:62)
	at sun.reflect.DelegatingMethodAccessorImpl.invoke(DelegatingMethodAccessorImpl.java:43)
	at java.lang.reflect.Method.invoke(Method.java:498)
	at org.junit.runners.model.FrameworkMethod$1.runReflectiveCall(FrameworkMethod.java:50)
	at org.junit.internal.runners.model.ReflectiveCallable.run(ReflectiveCallable.java:12)
	at org.junit.runners.model.FrameworkMethod.invokeExplosively(FrameworkMethod.java:47)
	at org.junit.internal.runners.statements.InvokeMethod.evaluate(InvokeMethod.java:17)
	at org.junit.internal.runners.statements.RunBefores.evaluate(RunBefores.java:26)
	at org.junit.internal.runners.statements.RunAfters.evaluate(RunAfters.java:27)
	at org.junit.runners.ParentRunner.runLeaf(ParentRunner.java:325)
	at org.junit.runners.BlockJUnit4ClassRunner.runChild(BlockJUnit4ClassRunner.java:78)
	at org.junit.runners.BlockJUnit4ClassRunner.runChild(BlockJUnit4ClassRunner.java:57)
	at org.junit.runners.ParentRunner$3.run(ParentRunner.java:290)
	at org.junit.runners.ParentRunner$1.schedule(ParentRunner.java:71)
	at org.junit.runners.ParentRunner.runChildren(ParentRunner.java:288)
	at org.junit.runners.ParentRunner.access$000(ParentRunner.java:58)
	at org.junit.runners.ParentRunner$2.evaluate(ParentRunner.java:268)
	at org.junit.runners.ParentRunner.run(ParentRunner.java:363)
	at org.gradle.api.internal.tasks.testing.junit.JUnitTestClassExecuter.runTestClass(JUnitTestClassExecuter.java:114)
	at org.gradle.api.internal.tasks.testing.junit.JUnitTestClassExecuter.execute(JUnitTestClassExecuter.java:57)
	at org.gradle.api.internal.tasks.testing.junit.JUnitTestClassProcessor.processTestClass(JUnitTestClassProcessor.java:66)
	at org.gradle.api.internal.tasks.testing.SuiteTestClassProcessor.processTestClass(SuiteTestClassProcessor.java:51)
	at sun.reflect.GeneratedMethodAccessor63.invoke(Unknown Source)
	at sun.reflect.DelegatingMethodAccessorImpl.invoke(DelegatingMethodAccessorImpl.java:43)
	at java.lang.reflect.Method.invoke(Method.java:498)
	at org.gradle.internal.dispatch.ReflectionDispatch.dispatch(ReflectionDispatch.java:35)
	at org.gradle.internal.dispatch.ReflectionDispatch.dispatch(ReflectionDispatch.java:24)
	at org.gradle.internal.dispatch.ContextClassLoaderDispatch.dispatch(ContextClassLoaderDispatch.java:32)
	at org.gradle.internal.dispatch.ProxyDispatchAdapter$DispatchingInvocationHandler.invoke(ProxyDispatchAdapter.java:93)
	at com.sun.proxy.$Proxy2.processTestClass(Unknown Source)
	at org.gradle.api.internal.tasks.testing.worker.TestWorker.processTestClass(TestWorker.java:109)
	at sun.reflect.GeneratedMethodAccessor62.invoke(Unknown Source)
	at sun.reflect.DelegatingMethodAccessorImpl.invoke(DelegatingMethodAccessorImpl.java:43)
	at java.lang.reflect.Method.invoke(Method.java:498)
	at org.gradle.internal.dispatch.ReflectionDispatch.dispatch(ReflectionDispatch.java:35)
	at org.gradle.internal.dispatch.ReflectionDispatch.dispatch(ReflectionDispatch.java:24)
	at org.gradle.internal.remote.internal.hub.MessageHub$Handler.run(MessageHub.java:377)
	at org.gradle.internal.concurrent.ExecutorPolicy$CatchAndRecordFailures.onExecute(ExecutorPolicy.java:54)
	at org.gradle.internal.concurrent.StoppableExecutorImpl$1.run(StoppableExecutorImpl.java:40)
	at java.util.concurrent.ThreadPoolExecutor.runWorker(ThreadPoolExecutor.java:1142)
	at java.util.concurrent.ThreadPoolExecutor$Worker.run(ThreadPoolExecutor.java:617)
	at java.lang.Thread.run(Thread.java:745)
java.io.IOException: 2246ce94-47fe-442a-825d-6be691ee686e
	at org.springframework.cache.config.DefaultCacheableService.throwCheckedSync(DefaultCacheableService.java:201)
	at org.springframework.cache.config.DefaultCacheableService.throwCheckedSync(DefaultCacheableService.java:34)
	at sun.reflect.NativeMethodAccessorImpl.invoke0(Native Method)
	at sun.reflect.NativeMethodAccessorImpl.invoke(NativeMethodAccessorImpl.java:62)
	at sun.reflect.DelegatingMethodAccessorImpl.invoke(DelegatingMethodAccessorImpl.java:43)
	at java.lang.reflect.Method.invoke(Method.java:498)
	at org.springframework.aop.support.AopUtils.invokeJoinpointUsingReflection(AopUtils.java:333)
	at org.springframework.aop.framework.ReflectiveMethodInvocation.invokeJoinpoint(ReflectiveMethodInvocation.java:190)
	at org.springframework.aop.framework.ReflectiveMethodInvocation.proceed(ReflectiveMethodInvocation.java:157)
	at org.springframework.cache.interceptor.CacheInterceptor$1.invoke(CacheInterceptor.java:52)
	at org.springframework.cache.interceptor.CacheAspectSupport.invokeOperation(CacheAspectSupport.java:323)
	at org.springframework.cache.interceptor.CacheAspectSupport$1.call(CacheAspectSupport.java:345)
	at org.springframework.cache.jcache.JCacheCache$ValueLoaderEntryProcessor.process(JCacheCache.java:122)
	at org.ehcache.jcache.JCache.invoke(JCache.java:664)
	at org.springframework.cache.jcache.JCacheCache.get(JCacheCache.java:80)
	at org.springframework.cache.interceptor.CacheAspectSupport.execute(CacheAspectSupport.java:342)
	at org.springframework.cache.interceptor.CacheAspectSupport.execute(CacheAspectSupport.java:305)
	at org.springframework.cache.interceptor.CacheInterceptor.invoke(CacheInterceptor.java:61)
	at org.springframework.aop.framework.ReflectiveMethodInvocation.proceed(ReflectiveMethodInvocation.java:179)
	at org.springframework.aop.framework.JdkDynamicAopProxy.invoke(JdkDynamicAopProxy.java:213)
	at com.sun.proxy.$Proxy69.throwCheckedSync(Unknown Source)
	at org.springframework.cache.config.AbstractCacheAnnotationTests.testCheckedThrowableSync(AbstractCacheAnnotationTests.java:355)
	at org.springframework.cache.config.AbstractCacheAnnotationTests.testCheckedExceptionSync(AbstractCacheAnnotationTests.java:759)
	at sun.reflect.NativeMethodAccessorImpl.invoke0(Native Method)
	at sun.reflect.NativeMethodAccessorImpl.invoke(NativeMethodAccessorImpl.java:62)
	at sun.reflect.DelegatingMethodAccessorImpl.invoke(DelegatingMethodAccessorImpl.java:43)
	at java.lang.reflect.Method.invoke(Method.java:498)
	at org.junit.runners.model.FrameworkMethod$1.runReflectiveCall(FrameworkMethod.java:50)
	at org.junit.internal.runners.model.ReflectiveCallable.run(ReflectiveCallable.java:12)
	at org.junit.runners.model.FrameworkMethod.invokeExplosively(FrameworkMethod.java:47)
	at org.junit.internal.runners.statements.InvokeMethod.evaluate(InvokeMethod.java:17)
	at org.junit.internal.runners.statements.RunBefores.evaluate(RunBefores.java:26)
	at org.junit.internal.runners.statements.RunAfters.evaluate(RunAfters.java:27)
	at org.junit.runners.ParentRunner.runLeaf(ParentRunner.java:325)
	at org.junit.runners.BlockJUnit4ClassRunner.runChild(BlockJUnit4ClassRunner.java:78)
	at org.junit.runners.BlockJUnit4ClassRunner.runChild(BlockJUnit4ClassRunner.java:57)
	at org.junit.runners.ParentRunner$3.run(ParentRunner.java:290)
	at org.junit.runners.ParentRunner$1.schedule(ParentRunner.java:71)
	at org.junit.runners.ParentRunner.runChildren(ParentRunner.java:288)
	at org.junit.runners.ParentRunner.access$000(ParentRunner.java:58)
	at org.junit.runners.ParentRunner$2.evaluate(ParentRunner.java:268)
	at org.junit.runners.ParentRunner.run(ParentRunner.java:363)
	at org.gradle.api.internal.tasks.testing.junit.JUnitTestClassExecuter.runTestClass(JUnitTestClassExecuter.java:114)
	at org.gradle.api.internal.tasks.testing.junit.JUnitTestClassExecuter.execute(JUnitTestClassExecuter.java:57)
	at org.gradle.api.internal.tasks.testing.junit.JUnitTestClassProcessor.processTestClass(JUnitTestClassProcessor.java:66)
	at org.gradle.api.internal.tasks.testing.SuiteTestClassProcessor.processTestClass(SuiteTestClassProcessor.java:51)
	at sun.reflect.GeneratedMethodAccessor63.invoke(Unknown Source)
	at sun.reflect.DelegatingMethodAccessorImpl.invoke(DelegatingMethodAccessorImpl.java:43)
	at java.lang.reflect.Method.invoke(Method.java:498)
	at org.gradle.internal.dispatch.ReflectionDispatch.dispatch(ReflectionDispatch.java:35)
	at org.gradle.internal.dispatch.ReflectionDispatch.dispatch(ReflectionDispatch.java:24)
	at org.gradle.internal.dispatch.ContextClassLoaderDispatch.dispatch(ContextClassLoaderDispatch.java:32)
	at org.gradle.internal.dispatch.ProxyDispatchAdapter$DispatchingInvocationHandler.invoke(ProxyDispatchAdapter.java:93)
	at com.sun.proxy.$Proxy2.processTestClass(Unknown Source)
	at org.gradle.api.internal.tasks.testing.worker.TestWorker.processTestClass(TestWorker.java:109)
	at sun.reflect.GeneratedMethodAccessor62.invoke(Unknown Source)
	at sun.reflect.DelegatingMethodAccessorImpl.invoke(DelegatingMethodAccessorImpl.java:43)
	at java.lang.reflect.Method.invoke(Method.java:498)
	at org.gradle.internal.dispatch.ReflectionDispatch.dispatch(ReflectionDispatch.java:35)
	at org.gradle.internal.dispatch.ReflectionDispatch.dispatch(ReflectionDispatch.java:24)
	at org.gradle.internal.remote.internal.hub.MessageHub$Handler.run(MessageHub.java:377)
	at org.gradle.internal.concurrent.ExecutorPolicy$CatchAndRecordFailures.onExecute(ExecutorPolicy.java:54)
	at org.gradle.internal.concurrent.StoppableExecutorImpl$1.run(StoppableExecutorImpl.java:40)
	at java.util.concurrent.ThreadPoolExecutor.runWorker(ThreadPoolExecutor.java:1142)
	at java.util.concurrent.ThreadPoolExecutor$Worker.run(ThreadPoolExecutor.java:617)
	at java.lang.Thread.run(Thread.java:745)
</pre>
</span>
</div>
</div>
<div id="footer">
<p>
<div>
<label class="hidden" id="label-for-line-wrapping-toggle" for="line-wrapping-toggle">Wrap lines
<input id="line-wrapping-toggle" type="checkbox" autocomplete="off"/>
</label>
</div>Generated by 
<a href="http://www.gradle.org">Gradle 3.1</a> at 2016-11-10 15:40:09</p>
</div>
</div>
</body>
</html>
