<!DOCTYPE html>
<html>
<head>
<meta http-equiv="Content-Type" content="text/html; charset=utf-8"/>
<meta http-equiv="x-ua-compatible" content="IE=edge"/>
<title>Test results - Class org.springframework.jms.support.SimpleJmsHeaderMapperTests</title>
<link href="../css/base-style.css" rel="stylesheet" type="text/css"/>
<link href="../css/style.css" rel="stylesheet" type="text/css"/>
<script src="../js/report.js" type="text/javascript"></script>
</head>
<body>
<div id="content">
<h1>Class org.springframework.jms.support.SimpleJmsHeaderMapperTests</h1>
<div class="breadcrumbs">
<a href="../index.html">all</a> &gt; 
<a href="../packages/org.springframework.jms.support.html">org.springframework.jms.support</a> &gt; SimpleJmsHeaderMapperTests</div>
<div id="summary">
<table>
<tr>
<td>
<div class="summaryGroup">
<table>
<tr>
<td>
<div class="infoBox" id="tests">
<div class="counter">41</div>
<p>tests</p>
</div>
</td>
<td>
<div class="infoBox" id="failures">
<div class="counter">0</div>
<p>failures</p>
</div>
</td>
<td>
<div class="infoBox" id="ignored">
<div class="counter">0</div>
<p>ignored</p>
</div>
</td>
<td>
<div class="infoBox" id="duration">
<div class="counter">0.024s</div>
<p>duration</p>
</div>
</td>
</tr>
</table>
</div>
</td>
<td>
<div class="infoBox success" id="successRate">
<div class="percent">100%</div>
<p>successful</p>
</div>
</td>
</tr>
</table>
</div>
<div id="tabs">
<ul class="tabLinks">
<li>
<a href="#tab0">Tests</a>
</li>
<li>
<a href="#tab1">Standard output</a>
</li>
</ul>
<div id="tab0" class="tab">
<h2>Tests</h2>
<table>
<thead>
<tr>
<th>Test</th>
<th>Duration</th>
<th>Result</th>
</tr>
</thead>
<tr>
<td class="success">JmsReplyToIgnoredIfIncorrectType</td>
<td>0s</td>
<td class="success">passed</td>
</tr>
<tr>
<td class="success">attemptToReadDisallowedCorrelationIdPropertyIsNotFatal</td>
<td>0.001s</td>
<td class="success">passed</td>
</tr>
<tr>
<td class="success">attemptToReadDisallowedDeliveryModePropertyIsNotFatal</td>
<td>0.001s</td>
<td class="success">passed</td>
</tr>
<tr>
<td class="success">attemptToReadDisallowedDestinationPropertyIsNotFatal</td>
<td>0s</td>
<td class="success">passed</td>
</tr>
<tr>
<td class="success">attemptToReadDisallowedExpirationPropertyIsNotFatal</td>
<td>0s</td>
<td class="success">passed</td>
</tr>
<tr>
<td class="success">attemptToReadDisallowedMessageIdPropertyIsNotFatal</td>
<td>0s</td>
<td class="success">passed</td>
</tr>
<tr>
<td class="success">attemptToReadDisallowedPriorityPropertyIsNotFatal</td>
<td>0s</td>
<td class="success">passed</td>
</tr>
<tr>
<td class="success">attemptToReadDisallowedRedeliveredPropertyIsNotFatal</td>
<td>0.001s</td>
<td class="success">passed</td>
</tr>
<tr>
<td class="success">attemptToReadDisallowedReplyToPropertyIsNotFatal</td>
<td>0s</td>
<td class="success">passed</td>
</tr>
<tr>
<td class="success">attemptToReadDisallowedTimestampPropertyIsNotFatal</td>
<td>0s</td>
<td class="success">passed</td>
</tr>
<tr>
<td class="success">attemptToReadDisallowedTypePropertyIsNotFatal</td>
<td>0s</td>
<td class="success">passed</td>
</tr>
<tr>
<td class="success">attemptToReadDisallowedUserPropertyIsNotFatal</td>
<td>0.003s</td>
<td class="success">passed</td>
</tr>
<tr>
<td class="success">attemptToWriteDisallowedCorrelationIdNumberPropertyIsNotFatal</td>
<td>0s</td>
<td class="success">passed</td>
</tr>
<tr>
<td class="success">attemptToWriteDisallowedCorrelationIdStringPropertyIsNotFatal</td>
<td>0s</td>
<td class="success">passed</td>
</tr>
<tr>
<td class="success">attemptToWriteDisallowedReplyToPropertyIsNotFatal</td>
<td>0.001s</td>
<td class="success">passed</td>
</tr>
<tr>
<td class="success">attemptToWriteDisallowedTypePropertyIsNotFatal</td>
<td>0.001s</td>
<td class="success">passed</td>
</tr>
<tr>
<td class="success">contentTypePropertyMappedFromHeader</td>
<td>0s</td>
<td class="success">passed</td>
</tr>
<tr>
<td class="success">contentTypePropertyMappedToHeader</td>
<td>0s</td>
<td class="success">passed</td>
</tr>
<tr>
<td class="success">destinationMappedToHeader</td>
<td>0.001s</td>
<td class="success">passed</td>
</tr>
<tr>
<td class="success">illegalArgumentExceptionIsNotFatal</td>
<td>0.005s</td>
<td class="success">passed</td>
</tr>
<tr>
<td class="success">jmsCorrelationIdIgnoredIfIncorrectType</td>
<td>0.001s</td>
<td class="success">passed</td>
</tr>
<tr>
<td class="success">jmsCorrelationIdMappedFromHeader</td>
<td>0s</td>
<td class="success">passed</td>
</tr>
<tr>
<td class="success">jmsCorrelationIdMappedToHeader</td>
<td>0s</td>
<td class="success">passed</td>
</tr>
<tr>
<td class="success">jmsCorrelationIdNumberConvertsToString</td>
<td>0s</td>
<td class="success">passed</td>
</tr>
<tr>
<td class="success">jmsDeliveryModeMappedToHeader</td>
<td>0s</td>
<td class="success">passed</td>
</tr>
<tr>
<td class="success">jmsExpirationMappedToHeader</td>
<td>0s</td>
<td class="success">passed</td>
</tr>
<tr>
<td class="success">jmsMessageIdMappedToHeader</td>
<td>0.001s</td>
<td class="success">passed</td>
</tr>
<tr>
<td class="success">jmsPriorityMappedToHeader</td>
<td>0s</td>
<td class="success">passed</td>
</tr>
<tr>
<td class="success">jmsReadOnlyPropertiesNotMapped</td>
<td>0s</td>
<td class="success">passed</td>
</tr>
<tr>
<td class="success">jmsReplyToMappedFromHeader</td>
<td>0.001s</td>
<td class="success">passed</td>
</tr>
<tr>
<td class="success">jmsReplyToMappedToHeader</td>
<td>0.001s</td>
<td class="success">passed</td>
</tr>
<tr>
<td class="success">jmsTimestampMappedToHeader</td>
<td>0s</td>
<td class="success">passed</td>
</tr>
<tr>
<td class="success">jmsTypeIgnoredIfIncorrectType</td>
<td>0s</td>
<td class="success">passed</td>
</tr>
<tr>
<td class="success">jmsTypeMappedFromHeader</td>
<td>0s</td>
<td class="success">passed</td>
</tr>
<tr>
<td class="success">jmsTypeMappedToHeader</td>
<td>0.001s</td>
<td class="success">passed</td>
</tr>
<tr>
<td class="success">propertyMappingExceptionIsNotFatal</td>
<td>0.004s</td>
<td class="success">passed</td>
</tr>
<tr>
<td class="success">userDefinedPropertyMappedFromHeader</td>
<td>0s</td>
<td class="success">passed</td>
</tr>
<tr>
<td class="success">userDefinedPropertyMappedFromHeaderWithCustomPrefix</td>
<td>0s</td>
<td class="success">passed</td>
</tr>
<tr>
<td class="success">userDefinedPropertyMappedToHeader</td>
<td>0s</td>
<td class="success">passed</td>
</tr>
<tr>
<td class="success">userDefinedPropertyMappedToHeaderWithCustomPrefix</td>
<td>0s</td>
<td class="success">passed</td>
</tr>
<tr>
<td class="success">userDefinedPropertyWithUnsupportedType</td>
<td>0.001s</td>
<td class="success">passed</td>
</tr>
</table>
</div>
<div id="tab1" class="tab">
<h2>Standard output</h2>
<span class="code">
<pre>15:40:53.517 [Test worker] WARN  org.springframework.jms.support.SimpleJmsHeaderMapper - Skipping header 'jms_type'expected type [class java.lang.String], but got [class java.lang.Integer]
15:40:53.517 [Test worker] WARN  org.springframework.jms.support.SimpleJmsHeaderMapper - Skipping header 'jms_replyTo'expected type [interface javax.jms.Destination], but got [class java.lang.String]
15:40:53.519 [Test worker] WARN  org.springframework.jms.support.SimpleJmsHeaderMapper - Error occurred while mapping JMS property 'fail' to Message header
javax.jms.JMSException: illegal property
	at org.springframework.jms.support.SimpleJmsHeaderMapperTests$14.getObjectProperty(SimpleJmsHeaderMapperTests.java:306) ~[test/:?]
	at org.springframework.jms.support.SimpleJmsHeaderMapper.toHeaders(SimpleJmsHeaderMapper.java:215) [main/:?]
	at org.springframework.jms.support.SimpleJmsHeaderMapperTests.assertAttemptReadDisallowedPropertyIsNotFatal(SimpleJmsHeaderMapperTests.java:553) [test/:?]
	at org.springframework.jms.support.SimpleJmsHeaderMapperTests.attemptToReadDisallowedUserPropertyIsNotFatal(SimpleJmsHeaderMapperTests.java:314) [test/:?]
	at sun.reflect.NativeMethodAccessorImpl.invoke0(Native Method) ~[?:1.8.0_101]
	at sun.reflect.NativeMethodAccessorImpl.invoke(NativeMethodAccessorImpl.java:62) ~[?:1.8.0_101]
	at sun.reflect.DelegatingMethodAccessorImpl.invoke(DelegatingMethodAccessorImpl.java:43) ~[?:1.8.0_101]
	at java.lang.reflect.Method.invoke(Method.java:498) ~[?:1.8.0_101]
	at org.junit.runners.model.FrameworkMethod$1.runReflectiveCall(FrameworkMethod.java:50) [junit-4.12.jar:4.12]
	at org.junit.internal.runners.model.ReflectiveCallable.run(ReflectiveCallable.java:12) [junit-4.12.jar:4.12]
	at org.junit.runners.model.FrameworkMethod.invokeExplosively(FrameworkMethod.java:47) [junit-4.12.jar:4.12]
	at org.junit.internal.runners.statements.InvokeMethod.evaluate(InvokeMethod.java:17) [junit-4.12.jar:4.12]
	at org.junit.runners.ParentRunner.runLeaf(ParentRunner.java:325) [junit-4.12.jar:4.12]
	at org.junit.runners.BlockJUnit4ClassRunner.runChild(BlockJUnit4ClassRunner.java:78) [junit-4.12.jar:4.12]
	at org.junit.runners.BlockJUnit4ClassRunner.runChild(BlockJUnit4ClassRunner.java:57) [junit-4.12.jar:4.12]
	at org.junit.runners.ParentRunner$3.run(ParentRunner.java:290) [junit-4.12.jar:4.12]
	at org.junit.runners.ParentRunner$1.schedule(ParentRunner.java:71) [junit-4.12.jar:4.12]
	at org.junit.runners.ParentRunner.runChildren(ParentRunner.java:288) [junit-4.12.jar:4.12]
	at org.junit.runners.ParentRunner.access$000(ParentRunner.java:58) [junit-4.12.jar:4.12]
	at org.junit.runners.ParentRunner$2.evaluate(ParentRunner.java:268) [junit-4.12.jar:4.12]
	at org.junit.runners.ParentRunner.run(ParentRunner.java:363) [junit-4.12.jar:4.12]
	at org.gradle.api.internal.tasks.testing.junit.JUnitTestClassExecuter.runTestClass(JUnitTestClassExecuter.java:114) [gradle-testing-jvm-3.1.jar:3.1]
	at org.gradle.api.internal.tasks.testing.junit.JUnitTestClassExecuter.execute(JUnitTestClassExecuter.java:57) [gradle-testing-jvm-3.1.jar:3.1]
	at org.gradle.api.internal.tasks.testing.junit.JUnitTestClassProcessor.processTestClass(JUnitTestClassProcessor.java:66) [gradle-testing-jvm-3.1.jar:3.1]
	at org.gradle.api.internal.tasks.testing.SuiteTestClassProcessor.processTestClass(SuiteTestClassProcessor.java:51) [gradle-testing-base-3.1.jar:3.1]
	at sun.reflect.GeneratedMethodAccessor99.invoke(Unknown Source) ~[?:?]
	at sun.reflect.DelegatingMethodAccessorImpl.invoke(DelegatingMethodAccessorImpl.java:43) ~[?:1.8.0_101]
	at java.lang.reflect.Method.invoke(Method.java:498) ~[?:1.8.0_101]
	at org.gradle.internal.dispatch.ReflectionDispatch.dispatch(ReflectionDispatch.java:35) [gradle-messaging-3.1.jar:3.1]
	at org.gradle.internal.dispatch.ReflectionDispatch.dispatch(ReflectionDispatch.java:24) [gradle-messaging-3.1.jar:3.1]
	at org.gradle.internal.dispatch.ContextClassLoaderDispatch.dispatch(ContextClassLoaderDispatch.java:32) [gradle-messaging-3.1.jar:3.1]
	at org.gradle.internal.dispatch.ProxyDispatchAdapter$DispatchingInvocationHandler.invoke(ProxyDispatchAdapter.java:93) [gradle-messaging-3.1.jar:3.1]
	at com.sun.proxy.$Proxy2.processTestClass(Unknown Source) [?:?]
	at org.gradle.api.internal.tasks.testing.worker.TestWorker.processTestClass(TestWorker.java:109) [gradle-testing-base-3.1.jar:3.1]
	at sun.reflect.GeneratedMethodAccessor98.invoke(Unknown Source) ~[?:?]
	at sun.reflect.DelegatingMethodAccessorImpl.invoke(DelegatingMethodAccessorImpl.java:43) ~[?:1.8.0_101]
	at java.lang.reflect.Method.invoke(Method.java:498) ~[?:1.8.0_101]
	at org.gradle.internal.dispatch.ReflectionDispatch.dispatch(ReflectionDispatch.java:35) [gradle-messaging-3.1.jar:3.1]
	at org.gradle.internal.dispatch.ReflectionDispatch.dispatch(ReflectionDispatch.java:24) [gradle-messaging-3.1.jar:3.1]
	at org.gradle.internal.remote.internal.hub.MessageHub$Handler.run(MessageHub.java:377) [gradle-messaging-3.1.jar:3.1]
	at org.gradle.internal.concurrent.ExecutorPolicy$CatchAndRecordFailures.onExecute(ExecutorPolicy.java:54) [gradle-base-services-3.1.jar:3.1]
	at org.gradle.internal.concurrent.StoppableExecutorImpl$1.run(StoppableExecutorImpl.java:40) [gradle-base-services-3.1.jar:3.1]
	at java.util.concurrent.ThreadPoolExecutor.runWorker(ThreadPoolExecutor.java:1142) [?:1.8.0_101]
	at java.util.concurrent.ThreadPoolExecutor$Worker.run(ThreadPoolExecutor.java:617) [?:1.8.0_101]
	at java.lang.Thread.run(Thread.java:745) [?:1.8.0_101]
15:40:53.525 [Test worker] WARN  org.springframework.jms.support.SimpleJmsHeaderMapper - Failed to map message header 'bad' to JMS property
javax.jms.JMSException: illegal property
	at org.springframework.jms.support.SimpleJmsHeaderMapperTests$17.setObjectProperty(SimpleJmsHeaderMapperTests.java:425) ~[test/:?]
	at org.springframework.jms.support.SimpleJmsHeaderMapper.fromHeaders(SimpleJmsHeaderMapper.java:102) [main/:?]
	at org.springframework.jms.support.SimpleJmsHeaderMapperTests.propertyMappingExceptionIsNotFatal(SimpleJmsHeaderMapperTests.java:430) [test/:?]
	at sun.reflect.NativeMethodAccessorImpl.invoke0(Native Method) ~[?:1.8.0_101]
	at sun.reflect.NativeMethodAccessorImpl.invoke(NativeMethodAccessorImpl.java:62) ~[?:1.8.0_101]
	at sun.reflect.DelegatingMethodAccessorImpl.invoke(DelegatingMethodAccessorImpl.java:43) ~[?:1.8.0_101]
	at java.lang.reflect.Method.invoke(Method.java:498) ~[?:1.8.0_101]
	at org.junit.runners.model.FrameworkMethod$1.runReflectiveCall(FrameworkMethod.java:50) [junit-4.12.jar:4.12]
	at org.junit.internal.runners.model.ReflectiveCallable.run(ReflectiveCallable.java:12) [junit-4.12.jar:4.12]
	at org.junit.runners.model.FrameworkMethod.invokeExplosively(FrameworkMethod.java:47) [junit-4.12.jar:4.12]
	at org.junit.internal.runners.statements.InvokeMethod.evaluate(InvokeMethod.java:17) [junit-4.12.jar:4.12]
	at org.junit.runners.ParentRunner.runLeaf(ParentRunner.java:325) [junit-4.12.jar:4.12]
	at org.junit.runners.BlockJUnit4ClassRunner.runChild(BlockJUnit4ClassRunner.java:78) [junit-4.12.jar:4.12]
	at org.junit.runners.BlockJUnit4ClassRunner.runChild(BlockJUnit4ClassRunner.java:57) [junit-4.12.jar:4.12]
	at org.junit.runners.ParentRunner$3.run(ParentRunner.java:290) [junit-4.12.jar:4.12]
	at org.junit.runners.ParentRunner$1.schedule(ParentRunner.java:71) [junit-4.12.jar:4.12]
	at org.junit.runners.ParentRunner.runChildren(ParentRunner.java:288) [junit-4.12.jar:4.12]
	at org.junit.runners.ParentRunner.access$000(ParentRunner.java:58) [junit-4.12.jar:4.12]
	at org.junit.runners.ParentRunner$2.evaluate(ParentRunner.java:268) [junit-4.12.jar:4.12]
	at org.junit.runners.ParentRunner.run(ParentRunner.java:363) [junit-4.12.jar:4.12]
	at org.gradle.api.internal.tasks.testing.junit.JUnitTestClassExecuter.runTestClass(JUnitTestClassExecuter.java:114) [gradle-testing-jvm-3.1.jar:3.1]
	at org.gradle.api.internal.tasks.testing.junit.JUnitTestClassExecuter.execute(JUnitTestClassExecuter.java:57) [gradle-testing-jvm-3.1.jar:3.1]
	at org.gradle.api.internal.tasks.testing.junit.JUnitTestClassProcessor.processTestClass(JUnitTestClassProcessor.java:66) [gradle-testing-jvm-3.1.jar:3.1]
	at org.gradle.api.internal.tasks.testing.SuiteTestClassProcessor.processTestClass(SuiteTestClassProcessor.java:51) [gradle-testing-base-3.1.jar:3.1]
	at sun.reflect.GeneratedMethodAccessor99.invoke(Unknown Source) ~[?:?]
	at sun.reflect.DelegatingMethodAccessorImpl.invoke(DelegatingMethodAccessorImpl.java:43) ~[?:1.8.0_101]
	at java.lang.reflect.Method.invoke(Method.java:498) ~[?:1.8.0_101]
	at org.gradle.internal.dispatch.ReflectionDispatch.dispatch(ReflectionDispatch.java:35) [gradle-messaging-3.1.jar:3.1]
	at org.gradle.internal.dispatch.ReflectionDispatch.dispatch(ReflectionDispatch.java:24) [gradle-messaging-3.1.jar:3.1]
	at org.gradle.internal.dispatch.ContextClassLoaderDispatch.dispatch(ContextClassLoaderDispatch.java:32) [gradle-messaging-3.1.jar:3.1]
	at org.gradle.internal.dispatch.ProxyDispatchAdapter$DispatchingInvocationHandler.invoke(ProxyDispatchAdapter.java:93) [gradle-messaging-3.1.jar:3.1]
	at com.sun.proxy.$Proxy2.processTestClass(Unknown Source) [?:?]
	at org.gradle.api.internal.tasks.testing.worker.TestWorker.processTestClass(TestWorker.java:109) [gradle-testing-base-3.1.jar:3.1]
	at sun.reflect.GeneratedMethodAccessor98.invoke(Unknown Source) ~[?:?]
	at sun.reflect.DelegatingMethodAccessorImpl.invoke(DelegatingMethodAccessorImpl.java:43) ~[?:1.8.0_101]
	at java.lang.reflect.Method.invoke(Method.java:498) ~[?:1.8.0_101]
	at org.gradle.internal.dispatch.ReflectionDispatch.dispatch(ReflectionDispatch.java:35) [gradle-messaging-3.1.jar:3.1]
	at org.gradle.internal.dispatch.ReflectionDispatch.dispatch(ReflectionDispatch.java:24) [gradle-messaging-3.1.jar:3.1]
	at org.gradle.internal.remote.internal.hub.MessageHub$Handler.run(MessageHub.java:377) [gradle-messaging-3.1.jar:3.1]
	at org.gradle.internal.concurrent.ExecutorPolicy$CatchAndRecordFailures.onExecute(ExecutorPolicy.java:54) [gradle-base-services-3.1.jar:3.1]
	at org.gradle.internal.concurrent.StoppableExecutorImpl$1.run(StoppableExecutorImpl.java:40) [gradle-base-services-3.1.jar:3.1]
	at java.util.concurrent.ThreadPoolExecutor.runWorker(ThreadPoolExecutor.java:1142) [?:1.8.0_101]
	at java.util.concurrent.ThreadPoolExecutor$Worker.run(ThreadPoolExecutor.java:617) [?:1.8.0_101]
	at java.lang.Thread.run(Thread.java:745) [?:1.8.0_101]
15:40:53.531 [Test worker] WARN  org.springframework.jms.support.SimpleJmsHeaderMapper - Failed to map message header 'bad' to JMS property
java.lang.IllegalArgumentException: illegal property
	at org.springframework.jms.support.SimpleJmsHeaderMapperTests$18.setObjectProperty(SimpleJmsHeaderMapperTests.java:450) ~[test/:?]
	at org.springframework.jms.support.SimpleJmsHeaderMapper.fromHeaders(SimpleJmsHeaderMapper.java:102) [main/:?]
	at org.springframework.jms.support.SimpleJmsHeaderMapperTests.illegalArgumentExceptionIsNotFatal(SimpleJmsHeaderMapperTests.java:455) [test/:?]
	at sun.reflect.NativeMethodAccessorImpl.invoke0(Native Method) ~[?:1.8.0_101]
	at sun.reflect.NativeMethodAccessorImpl.invoke(NativeMethodAccessorImpl.java:62) ~[?:1.8.0_101]
	at sun.reflect.DelegatingMethodAccessorImpl.invoke(DelegatingMethodAccessorImpl.java:43) ~[?:1.8.0_101]
	at java.lang.reflect.Method.invoke(Method.java:498) ~[?:1.8.0_101]
	at org.junit.runners.model.FrameworkMethod$1.runReflectiveCall(FrameworkMethod.java:50) [junit-4.12.jar:4.12]
	at org.junit.internal.runners.model.ReflectiveCallable.run(ReflectiveCallable.java:12) [junit-4.12.jar:4.12]
	at org.junit.runners.model.FrameworkMethod.invokeExplosively(FrameworkMethod.java:47) [junit-4.12.jar:4.12]
	at org.junit.internal.runners.statements.InvokeMethod.evaluate(InvokeMethod.java:17) [junit-4.12.jar:4.12]
	at org.junit.runners.ParentRunner.runLeaf(ParentRunner.java:325) [junit-4.12.jar:4.12]
	at org.junit.runners.BlockJUnit4ClassRunner.runChild(BlockJUnit4ClassRunner.java:78) [junit-4.12.jar:4.12]
	at org.junit.runners.BlockJUnit4ClassRunner.runChild(BlockJUnit4ClassRunner.java:57) [junit-4.12.jar:4.12]
	at org.junit.runners.ParentRunner$3.run(ParentRunner.java:290) [junit-4.12.jar:4.12]
	at org.junit.runners.ParentRunner$1.schedule(ParentRunner.java:71) [junit-4.12.jar:4.12]
	at org.junit.runners.ParentRunner.runChildren(ParentRunner.java:288) [junit-4.12.jar:4.12]
	at org.junit.runners.ParentRunner.access$000(ParentRunner.java:58) [junit-4.12.jar:4.12]
	at org.junit.runners.ParentRunner$2.evaluate(ParentRunner.java:268) [junit-4.12.jar:4.12]
	at org.junit.runners.ParentRunner.run(ParentRunner.java:363) [junit-4.12.jar:4.12]
	at org.gradle.api.internal.tasks.testing.junit.JUnitTestClassExecuter.runTestClass(JUnitTestClassExecuter.java:114) [gradle-testing-jvm-3.1.jar:3.1]
	at org.gradle.api.internal.tasks.testing.junit.JUnitTestClassExecuter.execute(JUnitTestClassExecuter.java:57) [gradle-testing-jvm-3.1.jar:3.1]
	at org.gradle.api.internal.tasks.testing.junit.JUnitTestClassProcessor.processTestClass(JUnitTestClassProcessor.java:66) [gradle-testing-jvm-3.1.jar:3.1]
	at org.gradle.api.internal.tasks.testing.SuiteTestClassProcessor.processTestClass(SuiteTestClassProcessor.java:51) [gradle-testing-base-3.1.jar:3.1]
	at sun.reflect.GeneratedMethodAccessor99.invoke(Unknown Source) ~[?:?]
	at sun.reflect.DelegatingMethodAccessorImpl.invoke(DelegatingMethodAccessorImpl.java:43) ~[?:1.8.0_101]
	at java.lang.reflect.Method.invoke(Method.java:498) ~[?:1.8.0_101]
	at org.gradle.internal.dispatch.ReflectionDispatch.dispatch(ReflectionDispatch.java:35) [gradle-messaging-3.1.jar:3.1]
	at org.gradle.internal.dispatch.ReflectionDispatch.dispatch(ReflectionDispatch.java:24) [gradle-messaging-3.1.jar:3.1]
	at org.gradle.internal.dispatch.ContextClassLoaderDispatch.dispatch(ContextClassLoaderDispatch.java:32) [gradle-messaging-3.1.jar:3.1]
	at org.gradle.internal.dispatch.ProxyDispatchAdapter$DispatchingInvocationHandler.invoke(ProxyDispatchAdapter.java:93) [gradle-messaging-3.1.jar:3.1]
	at com.sun.proxy.$Proxy2.processTestClass(Unknown Source) [?:?]
	at org.gradle.api.internal.tasks.testing.worker.TestWorker.processTestClass(TestWorker.java:109) [gradle-testing-base-3.1.jar:3.1]
	at sun.reflect.GeneratedMethodAccessor98.invoke(Unknown Source) ~[?:?]
	at sun.reflect.DelegatingMethodAccessorImpl.invoke(DelegatingMethodAccessorImpl.java:43) ~[?:1.8.0_101]
	at java.lang.reflect.Method.invoke(Method.java:498) ~[?:1.8.0_101]
	at org.gradle.internal.dispatch.ReflectionDispatch.dispatch(ReflectionDispatch.java:35) [gradle-messaging-3.1.jar:3.1]
	at org.gradle.internal.dispatch.ReflectionDispatch.dispatch(ReflectionDispatch.java:24) [gradle-messaging-3.1.jar:3.1]
	at org.gradle.internal.remote.internal.hub.MessageHub$Handler.run(MessageHub.java:377) [gradle-messaging-3.1.jar:3.1]
	at org.gradle.internal.concurrent.ExecutorPolicy$CatchAndRecordFailures.onExecute(ExecutorPolicy.java:54) [gradle-base-services-3.1.jar:3.1]
	at org.gradle.internal.concurrent.StoppableExecutorImpl$1.run(StoppableExecutorImpl.java:40) [gradle-base-services-3.1.jar:3.1]
	at java.util.concurrent.ThreadPoolExecutor.runWorker(ThreadPoolExecutor.java:1142) [?:1.8.0_101]
	at java.util.concurrent.ThreadPoolExecutor$Worker.run(ThreadPoolExecutor.java:617) [?:1.8.0_101]
	at java.lang.Thread.run(Thread.java:745) [?:1.8.0_101]
</pre>
</span>
</div>
</div>
<div id="footer">
<p>
<div>
<label class="hidden" id="label-for-line-wrapping-toggle" for="line-wrapping-toggle">Wrap lines
<input id="line-wrapping-toggle" type="checkbox" autocomplete="off"/>
</label>
</div>Generated by 
<a href="http://www.gradle.org">Gradle 3.1</a> at 2016-11-10 15:40:53</p>
</div>
</div>
</body>
</html>
