<?xml version="1.0" encoding="UTF-8"?>
<testsuite name="org.springframework.beans.factory.xml.XmlBeanFactoryTests" tests="91" skipped="0" failures="0" errors="0" timestamp="2016-11-10T07:38:24" hostname="XB-20161010YVDY" time="0.989">
  <properties/>
  <testcase name="testAutowire" classname="org.springframework.beans.factory.xml.XmlBeanFactoryTests" time="0.117"/>
  <testcase name="testInitMethodThrowsException" classname="org.springframework.beans.factory.xml.XmlBeanFactoryTests" time="0.003"/>
  <testcase name="testConstructorArgWithDoubleSimpleTypeMatch" classname="org.springframework.beans.factory.xml.XmlBeanFactoryTests" time="0.01"/>
  <testcase name="testCircularReferencesWithWrapping" classname="org.springframework.beans.factory.xml.XmlBeanFactoryTests" time="0.01"/>
  <testcase name="testNestedPropertyValue" classname="org.springframework.beans.factory.xml.XmlBeanFactoryTests" time="0.009"/>
  <testcase name="testAutowireByConstructorWithSimpleValues" classname="org.springframework.beans.factory.xml.XmlBeanFactoryTests" time="0.016"/>
  <testcase name="testCircularReferencesWithWrappingAndRawInjectionAllowed" classname="org.springframework.beans.factory.xml.XmlBeanFactoryTests" time="0.003"/>
  <testcase name="testInnerBeansWithoutDestroy" classname="org.springframework.beans.factory.xml.XmlBeanFactoryTests" time="0.016"/>
  <testcase name="testDependenciesThroughConstructorArguments" classname="org.springframework.beans.factory.xml.XmlBeanFactoryTests" time="0.006"/>
  <testcase name="testDependenciesMaterializeThis" classname="org.springframework.beans.factory.xml.XmlBeanFactoryTests" time="0.017"/>
  <testcase name="testInnerBeanInheritsScopeFromConcreteChildDefinition" classname="org.springframework.beans.factory.xml.XmlBeanFactoryTests" time="0.005"/>
  <testcase name="testFailsOnInnerBean" classname="org.springframework.beans.factory.xml.XmlBeanFactoryTests" time="0.019"/>
  <testcase name="testRefToSeparatePrototypeInstances" classname="org.springframework.beans.factory.xml.XmlBeanFactoryTests" time="0.003"/>
  <testcase name="testInheritanceWithClass" classname="org.springframework.beans.factory.xml.XmlBeanFactoryTests" time="0.008"/>
  <testcase name="testPrototypeInheritanceFromParentFactoryPrototype" classname="org.springframework.beans.factory.xml.XmlBeanFactoryTests" time="0.013"/>
  <testcase name="testOverrideMethodByArgTypeElement" classname="org.springframework.beans.factory.xml.XmlBeanFactoryTests" time="0.013"/>
  <testcase name="testResourceAndInputStream" classname="org.springframework.beans.factory.xml.XmlBeanFactoryTests" time="0.015"/>
  <testcase name="testLenientDependencyMatchingFactoryMethod" classname="org.springframework.beans.factory.xml.XmlBeanFactoryTests" time="0.011"/>
  <testcase name="testStringConstructorArrayNoTypeNonLenient" classname="org.springframework.beans.factory.xml.XmlBeanFactoryTests" time="0.012"/>
  <testcase name="testCircularReferences" classname="org.springframework.beans.factory.xml.XmlBeanFactoryTests" time="0.013"/>
  <testcase name="testJavaLangStringConstructor" classname="org.springframework.beans.factory.xml.XmlBeanFactoryTests" time="0.009"/>
  <testcase name="testDependenciesThroughProperties" classname="org.springframework.beans.factory.xml.XmlBeanFactoryTests" time="0.01"/>
  <testcase name="testLenientDependencyMatching" classname="org.springframework.beans.factory.xml.XmlBeanFactoryTests" time="0.011"/>
  <testcase name="testFactoryReferenceCircle" classname="org.springframework.beans.factory.xml.XmlBeanFactoryTests" time="0.003"/>
  <testcase name="testDependenciesThroughPropertyAutowiringByName" classname="org.springframework.beans.factory.xml.XmlBeanFactoryTests" time="0.005"/>
  <testcase name="testDependenciesThroughPropertyAutowiringByType" classname="org.springframework.beans.factory.xml.XmlBeanFactoryTests" time="0.008"/>
  <testcase name="testDoubleBooleanAutowire" classname="org.springframework.beans.factory.xml.XmlBeanFactoryTests" time="0.012"/>
  <testcase name="testComplexFactoryReferenceCircle" classname="org.springframework.beans.factory.xml.XmlBeanFactoryTests" time="0.008"/>
  <testcase name="testNoSuchInitMethod" classname="org.springframework.beans.factory.xml.XmlBeanFactoryTests" time="0.005"/>
  <testcase name="testInitMethodIsInvoked" classname="org.springframework.beans.factory.xml.XmlBeanFactoryTests" time="0.004"/>
  <testcase name="testSingletonInheritsFromParentFactoryPrototype" classname="org.springframework.beans.factory.xml.XmlBeanFactoryTests" time="0.007"/>
  <testcase name="testUrlResourceWithImport" classname="org.springframework.beans.factory.xml.XmlBeanFactoryTests" time="0.007"/>
  <testcase name="testWithDuplicateName" classname="org.springframework.beans.factory.xml.XmlBeanFactoryTests" time="0.003"/>
  <testcase name="testConstructorArgWithSingleMatch" classname="org.springframework.beans.factory.xml.XmlBeanFactoryTests" time="0.012"/>
  <testcase name="testConstructorWithUnresolvableParameterName" classname="org.springframework.beans.factory.xml.XmlBeanFactoryTests" time="0.007"/>
  <testcase name="testDependsOn" classname="org.springframework.beans.factory.xml.XmlBeanFactoryTests" time="0.003"/>
  <testcase name="throwsExceptionOnTooManyArguments" classname="org.springframework.beans.factory.xml.XmlBeanFactoryTests" time="0.009"/>
  <testcase name="testClassNotFoundWithDefaultBeanClassLoader" classname="org.springframework.beans.factory.xml.XmlBeanFactoryTests" time="0.003"/>
  <testcase name="testNonLenientDependencyMatchingFactoryMethod" classname="org.springframework.beans.factory.xml.XmlBeanFactoryTests" time="0.016"/>
  <testcase name="testInheritanceFromParentFactoryPrototype" classname="org.springframework.beans.factory.xml.XmlBeanFactoryTests" time="0.008"/>
  <testcase name="testWithDuplicateNameInAlias" classname="org.springframework.beans.factory.xml.XmlBeanFactoryTests" time="0.003"/>
  <testcase name="recursiveImport" classname="org.springframework.beans.factory.xml.XmlBeanFactoryTests" time="0.003"/>
  <testcase name="testCircularReferenceWithTwoFactoryBeans" classname="org.springframework.beans.factory.xml.XmlBeanFactoryTests" time="0.003"/>
  <testcase name="testAutowireModeNotInherited" classname="org.springframework.beans.factory.xml.XmlBeanFactoryTests" time="0.004"/>
  <testcase name="testInnerBeans" classname="org.springframework.beans.factory.xml.XmlBeanFactoryTests" time="0.008"/>
  <testcase name="testChildOverridesParentBean" classname="org.springframework.beans.factory.xml.XmlBeanFactoryTests" time="0.008"/>
  <testcase name="testDependenciesThroughConstructorArgumentAutowiring" classname="org.springframework.beans.factory.xml.XmlBeanFactoryTests" time="0.004"/>
  <testcase name="lookupOverrideOneMethodWithConstructorInjection" classname="org.springframework.beans.factory.xml.XmlBeanFactoryTests" time="0.013"/>
  <testcase name="testAutowireWithParent" classname="org.springframework.beans.factory.xml.XmlBeanFactoryTests" time="0.057"/>
  <testcase name="testCircularReferenceWithFactoryBeanFirst" classname="org.springframework.beans.factory.xml.XmlBeanFactoryTests" time="0.012"/>
  <testcase name="testInitializingBeanAndSameInitMethod" classname="org.springframework.beans.factory.xml.XmlBeanFactoryTests" time="0.004"/>
  <testcase name="testConstructorArgWithSingleSimpleTypeMatch" classname="org.springframework.beans.factory.xml.XmlBeanFactoryTests" time="0.012"/>
  <testcase name="testInitializingBeanAndInitMethod" classname="org.springframework.beans.factory.xml.XmlBeanFactoryTests" time="0.003"/>
  <testcase name="methodInjectedBeanMustBeOfSameEnhancedCglibSubclassTypeAcrossBeanFactories" classname="org.springframework.beans.factory.xml.XmlBeanFactoryTests" time="0.038"/>
  <testcase name="testReplaceMethodOverrideWithSetterInjection" classname="org.springframework.beans.factory.xml.XmlBeanFactoryTests" time="0.014"/>
  <testcase name="testDefaultLazyInit" classname="org.springframework.beans.factory.xml.XmlBeanFactoryTests" time="0.003"/>
  <testcase name="testCollectionsReferredToAsRefLocals" classname="org.springframework.beans.factory.xml.XmlBeanFactoryTests" time="0.032"/>
  <testcase name="testAbstractParentBeans" classname="org.springframework.beans.factory.xml.XmlBeanFactoryTests" time="0.004"/>
  <testcase name="lookupOverrideMethodsWithSetterInjection" classname="org.springframework.beans.factory.xml.XmlBeanFactoryTests" time="0.038"/>
  <testcase name="testDoubleBooleanAutowireWithIndex" classname="org.springframework.beans.factory.xml.XmlBeanFactoryTests" time="0.013"/>
  <testcase name="testRelatedCausesFromConstructorResolution" classname="org.springframework.beans.factory.xml.XmlBeanFactoryTests" time="0.013"/>
  <testcase name="testPrimitiveConstructorArray" classname="org.springframework.beans.factory.xml.XmlBeanFactoryTests" time="0.009"/>
  <testcase name="noSuchXmlFile" classname="org.springframework.beans.factory.xml.XmlBeanFactoryTests" time="0.001"/>
  <testcase name="serializableMethodReplacerAndSuperclass" classname="org.springframework.beans.factory.xml.XmlBeanFactoryTests" time="0.012"/>
  <testcase name="testIndexedPrimitiveConstructorArray" classname="org.springframework.beans.factory.xml.XmlBeanFactoryTests" time="0.011"/>
  <testcase name="testDependsOnInInnerBean" classname="org.springframework.beans.factory.xml.XmlBeanFactoryTests" time="0.008"/>
  <testcase name="testRejectsOverrideOfBogusMethodName" classname="org.springframework.beans.factory.xml.XmlBeanFactoryTests" time="0.003"/>
  <testcase name="testCustomStringConstructor" classname="org.springframework.beans.factory.xml.XmlBeanFactoryTests" time="0.011"/>
  <testcase name="testFileSystemResourceWithImport" classname="org.springframework.beans.factory.xml.XmlBeanFactoryTests" time="0.008"/>
  <testcase name="testClassPathResourceWithImport" classname="org.springframework.beans.factory.xml.XmlBeanFactoryTests" time="0.007"/>
  <testcase name="throwsExceptionOnAmbiguousResolution" classname="org.springframework.beans.factory.xml.XmlBeanFactoryTests" time="0.007"/>
  <testcase name="testClassNotFoundWithNoBeanClassLoader" classname="org.springframework.beans.factory.xml.XmlBeanFactoryTests" time="0.002"/>
  <testcase name="testDependenciesThroughPropertiesInInnerBean" classname="org.springframework.beans.factory.xml.XmlBeanFactoryTests" time="0.007"/>
  <testcase name="testPrototypeWithExplicitArguments" classname="org.springframework.beans.factory.xml.XmlBeanFactoryTests" time="0.009"/>
  <testcase name="testAutowireWithDefault" classname="org.springframework.beans.factory.xml.XmlBeanFactoryTests" time="0.004"/>
  <testcase name="testFactoryReferenceWithDoublePrefix" classname="org.springframework.beans.factory.xml.XmlBeanFactoryTests" time="0.002"/>
  <testcase name="testStringConstructorArrayNoType" classname="org.springframework.beans.factory.xml.XmlBeanFactoryTests" time="0.008"/>
  <testcase name="testRefToSingleton" classname="org.springframework.beans.factory.xml.XmlBeanFactoryTests" time="0.005"/>
  <testcase name="testConstructorArgResolution" classname="org.springframework.beans.factory.xml.XmlBeanFactoryTests" time="0.011"/>
  <testcase name="testAutowireByConstructor" classname="org.springframework.beans.factory.xml.XmlBeanFactoryTests" time="0.01"/>
  <testcase name="testSingletonFromParent" classname="org.springframework.beans.factory.xml.XmlBeanFactoryTests" time="0.007"/>
  <testcase name="testDependenciesThroughConstructorArgumentsInInnerBean" classname="org.springframework.beans.factory.xml.XmlBeanFactoryTests" time="0.004"/>
  <testcase name="testInheritanceWithDifferentClass" classname="org.springframework.beans.factory.xml.XmlBeanFactoryTests" time="0.012"/>
  <testcase name="testDependenciesThroughPropertiesWithInTheMiddle" classname="org.springframework.beans.factory.xml.XmlBeanFactoryTests" time="0.006"/>
  <testcase name="testCircularReferencesWithNotAllowed" classname="org.springframework.beans.factory.xml.XmlBeanFactoryTests" time="0.002"/>
  <testcase name="testOverrideMethodByArgTypeAttribute" classname="org.springframework.beans.factory.xml.XmlBeanFactoryTests" time="0.008"/>
  <testcase name="testPrototypeInheritanceFromParentFactorySingleton" classname="org.springframework.beans.factory.xml.XmlBeanFactoryTests" time="0.007"/>
  <testcase name="testNonLenientDependencyMatching" classname="org.springframework.beans.factory.xml.XmlBeanFactoryTests" time="0.013"/>
  <testcase name="invalidXmlFile" classname="org.springframework.beans.factory.xml.XmlBeanFactoryTests" time="0.012"/>
  <testcase name="noSuchFactoryBeanMethod" classname="org.springframework.beans.factory.xml.XmlBeanFactoryTests" time="0.006"/>
  <testcase name="testBogusParentageFromParentFactory" classname="org.springframework.beans.factory.xml.XmlBeanFactoryTests" time="0.007"/>
  <system-out><![CDATA[]]></system-out>
  <system-err><![CDATA[org.springframework.beans.factory.BeanCreationException: Error creating bean with name 'failsOnInnerBean' defined in class path resource [org/springframework/beans/factory/xml/XmlBeanFactoryTests-reftypes.xml]: Cannot create inner bean 'org.springframework.tests.sample.beans.TestBean#367f3527' of type [org.springframework.tests.sample.beans.TestBean] while setting bean property 'someMap' with key [TypedStringValue: value [someKey], target type [null]]; nested exception is org.springframework.beans.factory.BeanCreationException: Error creating bean with name 'org.springframework.tests.sample.beans.TestBean#367f3527' defined in class path resource [org/springframework/beans/factory/xml/XmlBeanFactoryTests-reftypes.xml]: Error setting property values; nested exception is org.springframework.beans.PropertyBatchUpdateException; nested PropertyAccessExceptions (1) are:
PropertyAccessException 1: org.springframework.beans.MethodInvocationException: Property 'touchy' threw exception; nested exception is java.lang.Exception: Can't contain a .
	at org.springframework.beans.factory.support.BeanDefinitionValueResolver.resolveInnerBean(BeanDefinitionValueResolver.java:313)
	at org.springframework.beans.factory.support.BeanDefinitionValueResolver.resolveValueIfNecessary(BeanDefinitionValueResolver.java:122)
	at org.springframework.beans.factory.support.BeanDefinitionValueResolver.resolveManagedMap(BeanDefinitionValueResolver.java:407)
	at org.springframework.beans.factory.support.BeanDefinitionValueResolver.resolveValueIfNecessary(BeanDefinitionValueResolver.java:165)
	at org.springframework.beans.factory.support.AbstractAutowireCapableBeanFactory.applyPropertyValues(AbstractAutowireCapableBeanFactory.java:1498)
	at org.springframework.beans.factory.support.AbstractAutowireCapableBeanFactory.populateBean(AbstractAutowireCapableBeanFactory.java:1243)
	at org.springframework.beans.factory.support.AbstractAutowireCapableBeanFactory.doCreateBean(AbstractAutowireCapableBeanFactory.java:564)
	at org.springframework.beans.factory.support.AbstractAutowireCapableBeanFactory.createBean(AbstractAutowireCapableBeanFactory.java:482)
	at org.springframework.beans.factory.support.AbstractBeanFactory$1.getObject(AbstractBeanFactory.java:304)
	at org.springframework.beans.factory.support.DefaultSingletonBeanRegistry.getSingleton(DefaultSingletonBeanRegistry.java:230)
	at org.springframework.beans.factory.support.AbstractBeanFactory.doGetBean(AbstractBeanFactory.java:300)
	at org.springframework.beans.factory.support.AbstractBeanFactory.getBean(AbstractBeanFactory.java:195)
	at org.springframework.beans.factory.xml.XmlBeanFactoryTests.testFailsOnInnerBean(XmlBeanFactoryTests.java:289)
	at sun.reflect.NativeMethodAccessorImpl.invoke0(Native Method)
	at sun.reflect.NativeMethodAccessorImpl.invoke(NativeMethodAccessorImpl.java:62)
	at sun.reflect.DelegatingMethodAccessorImpl.invoke(DelegatingMethodAccessorImpl.java:43)
	at java.lang.reflect.Method.invoke(Method.java:498)
	at org.junit.runners.model.FrameworkMethod$1.runReflectiveCall(FrameworkMethod.java:50)
	at org.junit.internal.runners.model.ReflectiveCallable.run(ReflectiveCallable.java:12)
	at org.junit.runners.model.FrameworkMethod.invokeExplosively(FrameworkMethod.java:47)
	at org.junit.internal.runners.statements.InvokeMethod.evaluate(InvokeMethod.java:17)
	at org.junit.runners.ParentRunner.runLeaf(ParentRunner.java:325)
	at org.junit.runners.BlockJUnit4ClassRunner.runChild(BlockJUnit4ClassRunner.java:78)
	at org.junit.runners.BlockJUnit4ClassRunner.runChild(BlockJUnit4ClassRunner.java:57)
	at org.junit.runners.ParentRunner$3.run(ParentRunner.java:290)
	at org.junit.runners.ParentRunner$1.schedule(ParentRunner.java:71)
	at org.junit.runners.ParentRunner.runChildren(ParentRunner.java:288)
	at org.junit.runners.ParentRunner.access$000(ParentRunner.java:58)
	at org.junit.runners.ParentRunner$2.evaluate(ParentRunner.java:268)
	at org.junit.runners.ParentRunner.run(ParentRunner.java:363)
	at org.gradle.api.internal.tasks.testing.junit.JUnitTestClassExecuter.runTestClass(JUnitTestClassExecuter.java:114)
	at org.gradle.api.internal.tasks.testing.junit.JUnitTestClassExecuter.execute(JUnitTestClassExecuter.java:57)
	at org.gradle.api.internal.tasks.testing.junit.JUnitTestClassProcessor.processTestClass(JUnitTestClassProcessor.java:66)
	at org.gradle.api.internal.tasks.testing.SuiteTestClassProcessor.processTestClass(SuiteTestClassProcessor.java:51)
	at sun.reflect.GeneratedMethodAccessor51.invoke(Unknown Source)
	at sun.reflect.DelegatingMethodAccessorImpl.invoke(DelegatingMethodAccessorImpl.java:43)
	at java.lang.reflect.Method.invoke(Method.java:498)
	at org.gradle.internal.dispatch.ReflectionDispatch.dispatch(ReflectionDispatch.java:35)
	at org.gradle.internal.dispatch.ReflectionDispatch.dispatch(ReflectionDispatch.java:24)
	at org.gradle.internal.dispatch.ContextClassLoaderDispatch.dispatch(ContextClassLoaderDispatch.java:32)
	at org.gradle.internal.dispatch.ProxyDispatchAdapter$DispatchingInvocationHandler.invoke(ProxyDispatchAdapter.java:93)
	at com.sun.proxy.$Proxy2.processTestClass(Unknown Source)
	at org.gradle.api.internal.tasks.testing.worker.TestWorker.processTestClass(TestWorker.java:109)
	at sun.reflect.GeneratedMethodAccessor50.invoke(Unknown Source)
	at sun.reflect.DelegatingMethodAccessorImpl.invoke(DelegatingMethodAccessorImpl.java:43)
	at java.lang.reflect.Method.invoke(Method.java:498)
	at org.gradle.internal.dispatch.ReflectionDispatch.dispatch(ReflectionDispatch.java:35)
	at org.gradle.internal.dispatch.ReflectionDispatch.dispatch(ReflectionDispatch.java:24)
	at org.gradle.internal.remote.internal.hub.MessageHub$Handler.run(MessageHub.java:377)
	at org.gradle.internal.concurrent.ExecutorPolicy$CatchAndRecordFailures.onExecute(ExecutorPolicy.java:54)
	at org.gradle.internal.concurrent.StoppableExecutorImpl$1.run(StoppableExecutorImpl.java:40)
	at java.util.concurrent.ThreadPoolExecutor.runWorker(ThreadPoolExecutor.java:1142)
	at java.util.concurrent.ThreadPoolExecutor$Worker.run(ThreadPoolExecutor.java:617)
	at java.lang.Thread.run(Thread.java:745)
Caused by: org.springframework.beans.factory.BeanCreationException: Error creating bean with name 'org.springframework.tests.sample.beans.TestBean#367f3527' defined in class path resource [org/springframework/beans/factory/xml/XmlBeanFactoryTests-reftypes.xml]: Error setting property values; nested exception is org.springframework.beans.PropertyBatchUpdateException; nested PropertyAccessExceptions (1) are:
PropertyAccessException 1: org.springframework.beans.MethodInvocationException: Property 'touchy' threw exception; nested exception is java.lang.Exception: Can't contain a .
	at org.springframework.beans.factory.support.AbstractAutowireCapableBeanFactory.applyPropertyValues(AbstractAutowireCapableBeanFactory.java:1535)
	at org.springframework.beans.factory.support.AbstractAutowireCapableBeanFactory.populateBean(AbstractAutowireCapableBeanFactory.java:1243)
	at org.springframework.beans.factory.support.AbstractAutowireCapableBeanFactory.doCreateBean(AbstractAutowireCapableBeanFactory.java:564)
	at org.springframework.beans.factory.support.AbstractAutowireCapableBeanFactory.createBean(AbstractAutowireCapableBeanFactory.java:482)
	at org.springframework.beans.factory.support.BeanDefinitionValueResolver.resolveInnerBean(BeanDefinitionValueResolver.java:299)
	... 53 more
Caused by: org.springframework.beans.PropertyBatchUpdateException; nested PropertyAccessExceptions (1) are:
PropertyAccessException 1: org.springframework.beans.MethodInvocationException: Property 'touchy' threw exception; nested exception is java.lang.Exception: Can't contain a .
	at org.springframework.beans.AbstractPropertyAccessor.setPropertyValues(AbstractPropertyAccessor.java:121)
	at org.springframework.beans.AbstractPropertyAccessor.setPropertyValues(AbstractPropertyAccessor.java:75)
	at org.springframework.beans.factory.support.AbstractAutowireCapableBeanFactory.applyPropertyValues(AbstractAutowireCapableBeanFactory.java:1531)
	... 57 more
org.springframework.beans.factory.BeanCreationException: Error creating bean with name 'failsOnInnerBeanForConstructor' defined in class path resource [org/springframework/beans/factory/xml/XmlBeanFactoryTests-reftypes.xml]: Cannot create inner bean 'innerBean' of type [org.springframework.tests.sample.beans.TestBean] while setting constructor argument; nested exception is org.springframework.beans.factory.BeanCreationException: Error creating bean with name 'innerBean#1' defined in class path resource [org/springframework/beans/factory/xml/XmlBeanFactoryTests-reftypes.xml]: Error setting property values; nested exception is org.springframework.beans.PropertyBatchUpdateException; nested PropertyAccessExceptions (1) are:
PropertyAccessException 1: org.springframework.beans.MethodInvocationException: Property 'touchy' threw exception; nested exception is java.lang.Exception: Can't contain a .
	at org.springframework.beans.factory.support.BeanDefinitionValueResolver.resolveInnerBean(BeanDefinitionValueResolver.java:313)
	at org.springframework.beans.factory.support.BeanDefinitionValueResolver.resolveValueIfNecessary(BeanDefinitionValueResolver.java:122)
	at org.springframework.beans.factory.support.ConstructorResolver.resolveConstructorArguments(ConstructorResolver.java:647)
	at org.springframework.beans.factory.support.ConstructorResolver.autowireConstructor(ConstructorResolver.java:145)
	at org.springframework.beans.factory.support.AbstractAutowireCapableBeanFactory.autowireConstructor(AbstractAutowireCapableBeanFactory.java:1160)
	at org.springframework.beans.factory.support.AbstractAutowireCapableBeanFactory.createBeanInstance(AbstractAutowireCapableBeanFactory.java:1062)
	at org.springframework.beans.factory.support.AbstractAutowireCapableBeanFactory.doCreateBean(AbstractAutowireCapableBeanFactory.java:525)
	at org.springframework.beans.factory.support.AbstractAutowireCapableBeanFactory.createBean(AbstractAutowireCapableBeanFactory.java:482)
	at org.springframework.beans.factory.support.AbstractBeanFactory$1.getObject(AbstractBeanFactory.java:304)
	at org.springframework.beans.factory.support.DefaultSingletonBeanRegistry.getSingleton(DefaultSingletonBeanRegistry.java:230)
	at org.springframework.beans.factory.support.AbstractBeanFactory.doGetBean(AbstractBeanFactory.java:300)
	at org.springframework.beans.factory.support.AbstractBeanFactory.getBean(AbstractBeanFactory.java:195)
	at org.springframework.beans.factory.xml.XmlBeanFactoryTests.testFailsOnInnerBean(XmlBeanFactoryTests.java:299)
	at sun.reflect.NativeMethodAccessorImpl.invoke0(Native Method)
	at sun.reflect.NativeMethodAccessorImpl.invoke(NativeMethodAccessorImpl.java:62)
	at sun.reflect.DelegatingMethodAccessorImpl.invoke(DelegatingMethodAccessorImpl.java:43)
	at java.lang.reflect.Method.invoke(Method.java:498)
	at org.junit.runners.model.FrameworkMethod$1.runReflectiveCall(FrameworkMethod.java:50)
	at org.junit.internal.runners.model.ReflectiveCallable.run(ReflectiveCallable.java:12)
	at org.junit.runners.model.FrameworkMethod.invokeExplosively(FrameworkMethod.java:47)
	at org.junit.internal.runners.statements.InvokeMethod.evaluate(InvokeMethod.java:17)
	at org.junit.runners.ParentRunner.runLeaf(ParentRunner.java:325)
	at org.junit.runners.BlockJUnit4ClassRunner.runChild(BlockJUnit4ClassRunner.java:78)
	at org.junit.runners.BlockJUnit4ClassRunner.runChild(BlockJUnit4ClassRunner.java:57)
	at org.junit.runners.ParentRunner$3.run(ParentRunner.java:290)
	at org.junit.runners.ParentRunner$1.schedule(ParentRunner.java:71)
	at org.junit.runners.ParentRunner.runChildren(ParentRunner.java:288)
	at org.junit.runners.ParentRunner.access$000(ParentRunner.java:58)
	at org.junit.runners.ParentRunner$2.evaluate(ParentRunner.java:268)
	at org.junit.runners.ParentRunner.run(ParentRunner.java:363)
	at org.gradle.api.internal.tasks.testing.junit.JUnitTestClassExecuter.runTestClass(JUnitTestClassExecuter.java:114)
	at org.gradle.api.internal.tasks.testing.junit.JUnitTestClassExecuter.execute(JUnitTestClassExecuter.java:57)
	at org.gradle.api.internal.tasks.testing.junit.JUnitTestClassProcessor.processTestClass(JUnitTestClassProcessor.java:66)
	at org.gradle.api.internal.tasks.testing.SuiteTestClassProcessor.processTestClass(SuiteTestClassProcessor.java:51)
	at sun.reflect.GeneratedMethodAccessor51.invoke(Unknown Source)
	at sun.reflect.DelegatingMethodAccessorImpl.invoke(DelegatingMethodAccessorImpl.java:43)
	at java.lang.reflect.Method.invoke(Method.java:498)
	at org.gradle.internal.dispatch.ReflectionDispatch.dispatch(ReflectionDispatch.java:35)
	at org.gradle.internal.dispatch.ReflectionDispatch.dispatch(ReflectionDispatch.java:24)
	at org.gradle.internal.dispatch.ContextClassLoaderDispatch.dispatch(ContextClassLoaderDispatch.java:32)
	at org.gradle.internal.dispatch.ProxyDispatchAdapter$DispatchingInvocationHandler.invoke(ProxyDispatchAdapter.java:93)
	at com.sun.proxy.$Proxy2.processTestClass(Unknown Source)
	at org.gradle.api.internal.tasks.testing.worker.TestWorker.processTestClass(TestWorker.java:109)
	at sun.reflect.GeneratedMethodAccessor50.invoke(Unknown Source)
	at sun.reflect.DelegatingMethodAccessorImpl.invoke(DelegatingMethodAccessorImpl.java:43)
	at java.lang.reflect.Method.invoke(Method.java:498)
	at org.gradle.internal.dispatch.ReflectionDispatch.dispatch(ReflectionDispatch.java:35)
	at org.gradle.internal.dispatch.ReflectionDispatch.dispatch(ReflectionDispatch.java:24)
	at org.gradle.internal.remote.internal.hub.MessageHub$Handler.run(MessageHub.java:377)
	at org.gradle.internal.concurrent.ExecutorPolicy$CatchAndRecordFailures.onExecute(ExecutorPolicy.java:54)
	at org.gradle.internal.concurrent.StoppableExecutorImpl$1.run(StoppableExecutorImpl.java:40)
	at java.util.concurrent.ThreadPoolExecutor.runWorker(ThreadPoolExecutor.java:1142)
	at java.util.concurrent.ThreadPoolExecutor$Worker.run(ThreadPoolExecutor.java:617)
	at java.lang.Thread.run(Thread.java:745)
Caused by: org.springframework.beans.factory.BeanCreationException: Error creating bean with name 'innerBean#1' defined in class path resource [org/springframework/beans/factory/xml/XmlBeanFactoryTests-reftypes.xml]: Error setting property values; nested exception is org.springframework.beans.PropertyBatchUpdateException; nested PropertyAccessExceptions (1) are:
PropertyAccessException 1: org.springframework.beans.MethodInvocationException: Property 'touchy' threw exception; nested exception is java.lang.Exception: Can't contain a .
	at org.springframework.beans.factory.support.AbstractAutowireCapableBeanFactory.applyPropertyValues(AbstractAutowireCapableBeanFactory.java:1535)
	at org.springframework.beans.factory.support.AbstractAutowireCapableBeanFactory.populateBean(AbstractAutowireCapableBeanFactory.java:1243)
	at org.springframework.beans.factory.support.AbstractAutowireCapableBeanFactory.doCreateBean(AbstractAutowireCapableBeanFactory.java:564)
	at org.springframework.beans.factory.support.AbstractAutowireCapableBeanFactory.createBean(AbstractAutowireCapableBeanFactory.java:482)
	at org.springframework.beans.factory.support.BeanDefinitionValueResolver.resolveInnerBean(BeanDefinitionValueResolver.java:299)
	... 53 more
Caused by: org.springframework.beans.PropertyBatchUpdateException; nested PropertyAccessExceptions (1) are:
PropertyAccessException 1: org.springframework.beans.MethodInvocationException: Property 'touchy' threw exception; nested exception is java.lang.Exception: Can't contain a .
	at org.springframework.beans.AbstractPropertyAccessor.setPropertyValues(AbstractPropertyAccessor.java:121)
	at org.springframework.beans.AbstractPropertyAccessor.setPropertyValues(AbstractPropertyAccessor.java:75)
	at org.springframework.beans.factory.support.AbstractAutowireCapableBeanFactory.applyPropertyValues(AbstractAutowireCapableBeanFactory.java:1531)
	... 57 more
org.springframework.beans.factory.BeanCreationException: Error creating bean with name 'lenientDependencyTestBeanFactoryMethod' defined in class path resource [org/springframework/beans/factory/xml/XmlBeanFactoryTests-constructorArg.xml]: Ambiguous factory method matches found in bean 'lenientDependencyTestBeanFactoryMethod' (hint: specify index/type/name arguments for simple parameters to avoid type ambiguities): [public static org.springframework.beans.factory.xml.XmlBeanFactoryTests$LenientDependencyTestBean org.springframework.beans.factory.xml.XmlBeanFactoryTests$LenientDependencyTestBean.create(org.springframework.tests.sample.beans.TestBean), public static org.springframework.beans.factory.xml.XmlBeanFactoryTests$LenientDependencyTestBean org.springframework.beans.factory.xml.XmlBeanFactoryTests$LenientDependencyTestBean.create(org.springframework.tests.sample.beans.DerivedTestBean), public static org.springframework.beans.factory.xml.XmlBeanFactoryTests$LenientDependencyTestBean org.springframework.beans.factory.xml.XmlBeanFactoryTests$LenientDependencyTestBean.create(org.springframework.tests.sample.beans.ITestBean)]
	at org.springframework.beans.factory.support.ConstructorResolver.instantiateUsingFactoryMethod(ConstructorResolver.java:560)
	at org.springframework.beans.factory.support.AbstractAutowireCapableBeanFactory.instantiateUsingFactoryMethod(AbstractAutowireCapableBeanFactory.java:1140)
	at org.springframework.beans.factory.support.AbstractAutowireCapableBeanFactory.createBeanInstance(AbstractAutowireCapableBeanFactory.java:1034)
	at org.springframework.beans.factory.support.AbstractAutowireCapableBeanFactory.doCreateBean(AbstractAutowireCapableBeanFactory.java:525)
	at org.springframework.beans.factory.support.AbstractAutowireCapableBeanFactory.createBean(AbstractAutowireCapableBeanFactory.java:482)
	at org.springframework.beans.factory.support.AbstractBeanFactory.doGetBean(AbstractBeanFactory.java:323)
	at org.springframework.beans.factory.support.AbstractBeanFactory.getBean(AbstractBeanFactory.java:195)
	at org.springframework.beans.factory.xml.XmlBeanFactoryTests.testNonLenientDependencyMatchingFactoryMethod(XmlBeanFactoryTests.java:1483)
	at sun.reflect.NativeMethodAccessorImpl.invoke0(Native Method)
	at sun.reflect.NativeMethodAccessorImpl.invoke(NativeMethodAccessorImpl.java:62)
	at sun.reflect.DelegatingMethodAccessorImpl.invoke(DelegatingMethodAccessorImpl.java:43)
	at java.lang.reflect.Method.invoke(Method.java:498)
	at org.junit.runners.model.FrameworkMethod$1.runReflectiveCall(FrameworkMethod.java:50)
	at org.junit.internal.runners.model.ReflectiveCallable.run(ReflectiveCallable.java:12)
	at org.junit.runners.model.FrameworkMethod.invokeExplosively(FrameworkMethod.java:47)
	at org.junit.internal.runners.statements.InvokeMethod.evaluate(InvokeMethod.java:17)
	at org.junit.runners.ParentRunner.runLeaf(ParentRunner.java:325)
	at org.junit.runners.BlockJUnit4ClassRunner.runChild(BlockJUnit4ClassRunner.java:78)
	at org.junit.runners.BlockJUnit4ClassRunner.runChild(BlockJUnit4ClassRunner.java:57)
	at org.junit.runners.ParentRunner$3.run(ParentRunner.java:290)
	at org.junit.runners.ParentRunner$1.schedule(ParentRunner.java:71)
	at org.junit.runners.ParentRunner.runChildren(ParentRunner.java:288)
	at org.junit.runners.ParentRunner.access$000(ParentRunner.java:58)
	at org.junit.runners.ParentRunner$2.evaluate(ParentRunner.java:268)
	at org.junit.runners.ParentRunner.run(ParentRunner.java:363)
	at org.gradle.api.internal.tasks.testing.junit.JUnitTestClassExecuter.runTestClass(JUnitTestClassExecuter.java:114)
	at org.gradle.api.internal.tasks.testing.junit.JUnitTestClassExecuter.execute(JUnitTestClassExecuter.java:57)
	at org.gradle.api.internal.tasks.testing.junit.JUnitTestClassProcessor.processTestClass(JUnitTestClassProcessor.java:66)
	at org.gradle.api.internal.tasks.testing.SuiteTestClassProcessor.processTestClass(SuiteTestClassProcessor.java:51)
	at sun.reflect.GeneratedMethodAccessor51.invoke(Unknown Source)
	at sun.reflect.DelegatingMethodAccessorImpl.invoke(DelegatingMethodAccessorImpl.java:43)
	at java.lang.reflect.Method.invoke(Method.java:498)
	at org.gradle.internal.dispatch.ReflectionDispatch.dispatch(ReflectionDispatch.java:35)
	at org.gradle.internal.dispatch.ReflectionDispatch.dispatch(ReflectionDispatch.java:24)
	at org.gradle.internal.dispatch.ContextClassLoaderDispatch.dispatch(ContextClassLoaderDispatch.java:32)
	at org.gradle.internal.dispatch.ProxyDispatchAdapter$DispatchingInvocationHandler.invoke(ProxyDispatchAdapter.java:93)
	at com.sun.proxy.$Proxy2.processTestClass(Unknown Source)
	at org.gradle.api.internal.tasks.testing.worker.TestWorker.processTestClass(TestWorker.java:109)
	at sun.reflect.GeneratedMethodAccessor50.invoke(Unknown Source)
	at sun.reflect.DelegatingMethodAccessorImpl.invoke(DelegatingMethodAccessorImpl.java:43)
	at java.lang.reflect.Method.invoke(Method.java:498)
	at org.gradle.internal.dispatch.ReflectionDispatch.dispatch(ReflectionDispatch.java:35)
	at org.gradle.internal.dispatch.ReflectionDispatch.dispatch(ReflectionDispatch.java:24)
	at org.gradle.internal.remote.internal.hub.MessageHub$Handler.run(MessageHub.java:377)
	at org.gradle.internal.concurrent.ExecutorPolicy$CatchAndRecordFailures.onExecute(ExecutorPolicy.java:54)
	at org.gradle.internal.concurrent.StoppableExecutorImpl$1.run(StoppableExecutorImpl.java:40)
	at java.util.concurrent.ThreadPoolExecutor.runWorker(ThreadPoolExecutor.java:1142)
	at java.util.concurrent.ThreadPoolExecutor$Worker.run(ThreadPoolExecutor.java:617)
	at java.lang.Thread.run(Thread.java:745)
org.springframework.beans.factory.BeanCreationException: Error creating bean with name 'rod2Accessor' defined in class path resource [org/springframework/beans/factory/xml/XmlBeanFactoryTests-constructorArg.xml]: Error setting property values; nested exception is org.springframework.beans.PropertyBatchUpdateException; nested PropertyAccessExceptions (1) are:
PropertyAccessException 1: org.springframework.beans.MethodInvocationException: Property 'touchy' threw exception; nested exception is java.lang.Exception: Can't contain a .
	at org.springframework.beans.factory.support.AbstractAutowireCapableBeanFactory.applyPropertyValues(AbstractAutowireCapableBeanFactory.java:1535)
	at org.springframework.beans.factory.support.AbstractAutowireCapableBeanFactory.populateBean(AbstractAutowireCapableBeanFactory.java:1243)
	at org.springframework.beans.factory.support.AbstractAutowireCapableBeanFactory.doCreateBean(AbstractAutowireCapableBeanFactory.java:564)
	at org.springframework.beans.factory.support.AbstractAutowireCapableBeanFactory.createBean(AbstractAutowireCapableBeanFactory.java:482)
	at org.springframework.beans.factory.support.AbstractBeanFactory$1.getObject(AbstractBeanFactory.java:304)
	at org.springframework.beans.factory.support.DefaultSingletonBeanRegistry.getSingleton(DefaultSingletonBeanRegistry.java:230)
	at org.springframework.beans.factory.support.AbstractBeanFactory.doGetBean(AbstractBeanFactory.java:300)
	at org.springframework.beans.factory.support.AbstractBeanFactory.getBean(AbstractBeanFactory.java:195)
	at org.springframework.beans.factory.xml.XmlBeanFactoryTests.testRelatedCausesFromConstructorResolution(XmlBeanFactoryTests.java:934)
	at sun.reflect.NativeMethodAccessorImpl.invoke0(Native Method)
	at sun.reflect.NativeMethodAccessorImpl.invoke(NativeMethodAccessorImpl.java:62)
	at sun.reflect.DelegatingMethodAccessorImpl.invoke(DelegatingMethodAccessorImpl.java:43)
	at java.lang.reflect.Method.invoke(Method.java:498)
	at org.junit.runners.model.FrameworkMethod$1.runReflectiveCall(FrameworkMethod.java:50)
	at org.junit.internal.runners.model.ReflectiveCallable.run(ReflectiveCallable.java:12)
	at org.junit.runners.model.FrameworkMethod.invokeExplosively(FrameworkMethod.java:47)
	at org.junit.internal.runners.statements.InvokeMethod.evaluate(InvokeMethod.java:17)
	at org.junit.runners.ParentRunner.runLeaf(ParentRunner.java:325)
	at org.junit.runners.BlockJUnit4ClassRunner.runChild(BlockJUnit4ClassRunner.java:78)
	at org.junit.runners.BlockJUnit4ClassRunner.runChild(BlockJUnit4ClassRunner.java:57)
	at org.junit.runners.ParentRunner$3.run(ParentRunner.java:290)
	at org.junit.runners.ParentRunner$1.schedule(ParentRunner.java:71)
	at org.junit.runners.ParentRunner.runChildren(ParentRunner.java:288)
	at org.junit.runners.ParentRunner.access$000(ParentRunner.java:58)
	at org.junit.runners.ParentRunner$2.evaluate(ParentRunner.java:268)
	at org.junit.runners.ParentRunner.run(ParentRunner.java:363)
	at org.gradle.api.internal.tasks.testing.junit.JUnitTestClassExecuter.runTestClass(JUnitTestClassExecuter.java:114)
	at org.gradle.api.internal.tasks.testing.junit.JUnitTestClassExecuter.execute(JUnitTestClassExecuter.java:57)
	at org.gradle.api.internal.tasks.testing.junit.JUnitTestClassProcessor.processTestClass(JUnitTestClassProcessor.java:66)
	at org.gradle.api.internal.tasks.testing.SuiteTestClassProcessor.processTestClass(SuiteTestClassProcessor.java:51)
	at sun.reflect.GeneratedMethodAccessor51.invoke(Unknown Source)
	at sun.reflect.DelegatingMethodAccessorImpl.invoke(DelegatingMethodAccessorImpl.java:43)
	at java.lang.reflect.Method.invoke(Method.java:498)
	at org.gradle.internal.dispatch.ReflectionDispatch.dispatch(ReflectionDispatch.java:35)
	at org.gradle.internal.dispatch.ReflectionDispatch.dispatch(ReflectionDispatch.java:24)
	at org.gradle.internal.dispatch.ContextClassLoaderDispatch.dispatch(ContextClassLoaderDispatch.java:32)
	at org.gradle.internal.dispatch.ProxyDispatchAdapter$DispatchingInvocationHandler.invoke(ProxyDispatchAdapter.java:93)
	at com.sun.proxy.$Proxy2.processTestClass(Unknown Source)
	at org.gradle.api.internal.tasks.testing.worker.TestWorker.processTestClass(TestWorker.java:109)
	at sun.reflect.GeneratedMethodAccessor50.invoke(Unknown Source)
	at sun.reflect.DelegatingMethodAccessorImpl.invoke(DelegatingMethodAccessorImpl.java:43)
	at java.lang.reflect.Method.invoke(Method.java:498)
	at org.gradle.internal.dispatch.ReflectionDispatch.dispatch(ReflectionDispatch.java:35)
	at org.gradle.internal.dispatch.ReflectionDispatch.dispatch(ReflectionDispatch.java:24)
	at org.gradle.internal.remote.internal.hub.MessageHub$Handler.run(MessageHub.java:377)
	at org.gradle.internal.concurrent.ExecutorPolicy$CatchAndRecordFailures.onExecute(ExecutorPolicy.java:54)
	at org.gradle.internal.concurrent.StoppableExecutorImpl$1.run(StoppableExecutorImpl.java:40)
	at java.util.concurrent.ThreadPoolExecutor.runWorker(ThreadPoolExecutor.java:1142)
	at java.util.concurrent.ThreadPoolExecutor$Worker.run(ThreadPoolExecutor.java:617)
	at java.lang.Thread.run(Thread.java:745)
Caused by: org.springframework.beans.PropertyBatchUpdateException; nested PropertyAccessExceptions (1) are:
PropertyAccessException 1: org.springframework.beans.MethodInvocationException: Property 'touchy' threw exception; nested exception is java.lang.Exception: Can't contain a .
	at org.springframework.beans.AbstractPropertyAccessor.setPropertyValues(AbstractPropertyAccessor.java:121)
	at org.springframework.beans.AbstractPropertyAccessor.setPropertyValues(AbstractPropertyAccessor.java:75)
	at org.springframework.beans.factory.support.AbstractAutowireCapableBeanFactory.applyPropertyValues(AbstractAutowireCapableBeanFactory.java:1531)
	... 49 more
org.springframework.beans.factory.BeanCreationException: Error creating bean with name 'lenientDependencyTestBean' defined in class path resource [org/springframework/beans/factory/xml/XmlBeanFactoryTests-constructorArg.xml]: Ambiguous constructor matches found in bean 'lenientDependencyTestBean' (hint: specify index/type/name arguments for simple parameters to avoid type ambiguities): [public org.springframework.beans.factory.xml.XmlBeanFactoryTests$LenientDependencyTestBean(org.springframework.tests.sample.beans.DerivedTestBean), public org.springframework.beans.factory.xml.XmlBeanFactoryTests$LenientDependencyTestBean(org.springframework.tests.sample.beans.TestBean), public org.springframework.beans.factory.xml.XmlBeanFactoryTests$LenientDependencyTestBean(org.springframework.tests.sample.beans.ITestBean)]
	at org.springframework.beans.factory.support.ConstructorResolver.autowireConstructor(ConstructorResolver.java:245)
	at org.springframework.beans.factory.support.AbstractAutowireCapableBeanFactory.autowireConstructor(AbstractAutowireCapableBeanFactory.java:1160)
	at org.springframework.beans.factory.support.AbstractAutowireCapableBeanFactory.createBeanInstance(AbstractAutowireCapableBeanFactory.java:1062)
	at org.springframework.beans.factory.support.AbstractAutowireCapableBeanFactory.doCreateBean(AbstractAutowireCapableBeanFactory.java:525)
	at org.springframework.beans.factory.support.AbstractAutowireCapableBeanFactory.createBean(AbstractAutowireCapableBeanFactory.java:482)
	at org.springframework.beans.factory.support.AbstractBeanFactory.doGetBean(AbstractBeanFactory.java:323)
	at org.springframework.beans.factory.support.AbstractBeanFactory.getBean(AbstractBeanFactory.java:195)
	at org.springframework.beans.factory.xml.XmlBeanFactoryTests.testNonLenientDependencyMatching(XmlBeanFactoryTests.java:1466)
	at sun.reflect.NativeMethodAccessorImpl.invoke0(Native Method)
	at sun.reflect.NativeMethodAccessorImpl.invoke(NativeMethodAccessorImpl.java:62)
	at sun.reflect.DelegatingMethodAccessorImpl.invoke(DelegatingMethodAccessorImpl.java:43)
	at java.lang.reflect.Method.invoke(Method.java:498)
	at org.junit.runners.model.FrameworkMethod$1.runReflectiveCall(FrameworkMethod.java:50)
	at org.junit.internal.runners.model.ReflectiveCallable.run(ReflectiveCallable.java:12)
	at org.junit.runners.model.FrameworkMethod.invokeExplosively(FrameworkMethod.java:47)
	at org.junit.internal.runners.statements.InvokeMethod.evaluate(InvokeMethod.java:17)
	at org.junit.runners.ParentRunner.runLeaf(ParentRunner.java:325)
	at org.junit.runners.BlockJUnit4ClassRunner.runChild(BlockJUnit4ClassRunner.java:78)
	at org.junit.runners.BlockJUnit4ClassRunner.runChild(BlockJUnit4ClassRunner.java:57)
	at org.junit.runners.ParentRunner$3.run(ParentRunner.java:290)
	at org.junit.runners.ParentRunner$1.schedule(ParentRunner.java:71)
	at org.junit.runners.ParentRunner.runChildren(ParentRunner.java:288)
	at org.junit.runners.ParentRunner.access$000(ParentRunner.java:58)
	at org.junit.runners.ParentRunner$2.evaluate(ParentRunner.java:268)
	at org.junit.runners.ParentRunner.run(ParentRunner.java:363)
	at org.gradle.api.internal.tasks.testing.junit.JUnitTestClassExecuter.runTestClass(JUnitTestClassExecuter.java:114)
	at org.gradle.api.internal.tasks.testing.junit.JUnitTestClassExecuter.execute(JUnitTestClassExecuter.java:57)
	at org.gradle.api.internal.tasks.testing.junit.JUnitTestClassProcessor.processTestClass(JUnitTestClassProcessor.java:66)
	at org.gradle.api.internal.tasks.testing.SuiteTestClassProcessor.processTestClass(SuiteTestClassProcessor.java:51)
	at sun.reflect.GeneratedMethodAccessor51.invoke(Unknown Source)
	at sun.reflect.DelegatingMethodAccessorImpl.invoke(DelegatingMethodAccessorImpl.java:43)
	at java.lang.reflect.Method.invoke(Method.java:498)
	at org.gradle.internal.dispatch.ReflectionDispatch.dispatch(ReflectionDispatch.java:35)
	at org.gradle.internal.dispatch.ReflectionDispatch.dispatch(ReflectionDispatch.java:24)
	at org.gradle.internal.dispatch.ContextClassLoaderDispatch.dispatch(ContextClassLoaderDispatch.java:32)
	at org.gradle.internal.dispatch.ProxyDispatchAdapter$DispatchingInvocationHandler.invoke(ProxyDispatchAdapter.java:93)
	at com.sun.proxy.$Proxy2.processTestClass(Unknown Source)
	at org.gradle.api.internal.tasks.testing.worker.TestWorker.processTestClass(TestWorker.java:109)
	at sun.reflect.GeneratedMethodAccessor50.invoke(Unknown Source)
	at sun.reflect.DelegatingMethodAccessorImpl.invoke(DelegatingMethodAccessorImpl.java:43)
	at java.lang.reflect.Method.invoke(Method.java:498)
	at org.gradle.internal.dispatch.ReflectionDispatch.dispatch(ReflectionDispatch.java:35)
	at org.gradle.internal.dispatch.ReflectionDispatch.dispatch(ReflectionDispatch.java:24)
	at org.gradle.internal.remote.internal.hub.MessageHub$Handler.run(MessageHub.java:377)
	at org.gradle.internal.concurrent.ExecutorPolicy$CatchAndRecordFailures.onExecute(ExecutorPolicy.java:54)
	at org.gradle.internal.concurrent.StoppableExecutorImpl$1.run(StoppableExecutorImpl.java:40)
	at java.util.concurrent.ThreadPoolExecutor.runWorker(ThreadPoolExecutor.java:1142)
	at java.util.concurrent.ThreadPoolExecutor$Worker.run(ThreadPoolExecutor.java:617)
	at java.lang.Thread.run(Thread.java:745)
]]></system-err>
</testsuite>
